{"uid":"71a923777dbd8a2a","name":"Invalid message on checkout step","fullName":"tests.test_cart.test_checkout.TestCheckoutClass#test_error_message_WO_first_name","historyId":"fd29a1e92f9684c66202d9b1327988c8","time":{"start":1669159939472,"stop":1669159939472,"duration":0},"status":"broken","statusMessage":"selenium.common.exceptions.WebDriverException: Message: unknown error: Chrome failed to start: exited abnormally.\n  (unknown error: DevToolsActivePort file doesn't exist)\n  (The process started from chrome location /usr/bin/google-chrome is no longer running, so ChromeDriver is assuming that Chrome has crashed.)\nStacktrace:\n#0 0x559bc8aff463 <unknown>\n#1 0x559bc88c38d8 <unknown>\n#2 0x559bc88ebb6a <unknown>\n#3 0x559bc88e6c05 <unknown>\n#4 0x559bc892a802 <unknown>\n#5 0x559bc892a2af <unknown>\n#6 0x559bc8922443 <unknown>\n#7 0x559bc88f33c5 <unknown>\n#8 0x559bc88f4531 <unknown>\n#9 0x559bc8b51dce <unknown>\n#10 0x559bc8b55192 <unknown>\n#11 0x559bc8b3693e <unknown>\n#12 0x559bc8b56103 <unknown>\n#13 0x559bc8b29d85 <unknown>\n#14 0x559bc8b770a8 <unknown>\n#15 0x559bc8b77239 <unknown>\n#16 0x559bc8b92492 <unknown>\n#17 0x7fe7e22a9b43 <unknown>","statusTrace":"request = <SubRequest 'browser' for <Function test_error_message_WO_first_name>>\nheadless = False\n\n    @pytest.fixture(autouse=True)\n    def browser(request, headless):\n        options = webdriver.ChromeOptions()\n        options.headless = headless\n        logging.info('start logs')\n>       browser = webdriver.Chrome(ChromeDriverManager().install(), options=options\n        )\n\nconftest.py:17: \n_ _ _ _ _ _ _ _ _ _ _ _ _ _ _ _ _ _ _ _ _ _ _ _ _ _ _ _ _ _ _ _ _ _ _ _ _ _ _ _ \n.venv/lib/python3.10/site-packages/selenium/webdriver/chrome/webdriver.py:81: in __init__\n    super().__init__(\n.venv/lib/python3.10/site-packages/selenium/webdriver/chromium/webdriver.py:106: in __init__\n    super().__init__(\n.venv/lib/python3.10/site-packages/selenium/webdriver/remote/webdriver.py:288: in __init__\n    self.start_session(capabilities, browser_profile)\n.venv/lib/python3.10/site-packages/selenium/webdriver/remote/webdriver.py:381: in start_session\n    response = self.execute(Command.NEW_SESSION, parameters)\n.venv/lib/python3.10/site-packages/selenium/webdriver/remote/webdriver.py:444: in execute\n    self.error_handler.check_response(response)\n_ _ _ _ _ _ _ _ _ _ _ _ _ _ _ _ _ _ _ _ _ _ _ _ _ _ _ _ _ _ _ _ _ _ _ _ _ _ _ _ \n\nself = <selenium.webdriver.remote.errorhandler.ErrorHandler object at 0x7fba4eca7ee0>\nresponse = {'status': 500, 'value': '{\"value\":{\"error\":\"unknown error\",\"message\":\"unknown error: Chrome failed to start: exited a...\\\\n#15 0x559bc8b77239 \\\\u003Cunknown>\\\\n#16 0x559bc8b92492 \\\\u003Cunknown>\\\\n#17 0x7fe7e22a9b43 \\\\u003Cunknown>\\\\n\"}}'}\n\n    def check_response(self, response: Dict[str, Any]) -> None:\n        \"\"\"\n        Checks that a JSON response from the WebDriver does not have an error.\n    \n        :Args:\n         - response - The JSON response from the WebDriver server as a dictionary\n           object.\n    \n        :Raises: If the response contains an error message.\n        \"\"\"\n        status = response.get(\"status\", None)\n        if not status or status == ErrorCode.SUCCESS:\n            return\n        value = None\n        message = response.get(\"message\", \"\")\n        screen: str = response.get(\"screen\", \"\")\n        stacktrace = None\n        if isinstance(status, int):\n            value_json = response.get(\"value\", None)\n            if value_json and isinstance(value_json, str):\n                import json\n    \n                try:\n                    value = json.loads(value_json)\n                    if len(value.keys()) == 1:\n                        value = value[\"value\"]\n                    status = value.get(\"error\", None)\n                    if not status:\n                        status = value.get(\"status\", ErrorCode.UNKNOWN_ERROR)\n                        message = value.get(\"value\") or value.get(\"message\")\n                        if not isinstance(message, str):\n                            value = message\n                            message = message.get(\"message\")\n                    else:\n                        message = value.get(\"message\", None)\n                except ValueError:\n                    pass\n    \n        exception_class: Type[WebDriverException]\n        if status in ErrorCode.NO_SUCH_ELEMENT:\n            exception_class = NoSuchElementException\n        elif status in ErrorCode.NO_SUCH_FRAME:\n            exception_class = NoSuchFrameException\n        elif status in ErrorCode.NO_SUCH_SHADOW_ROOT:\n            exception_class = NoSuchShadowRootException\n        elif status in ErrorCode.NO_SUCH_WINDOW:\n            exception_class = NoSuchWindowException\n        elif status in ErrorCode.STALE_ELEMENT_REFERENCE:\n            exception_class = StaleElementReferenceException\n        elif status in ErrorCode.ELEMENT_NOT_VISIBLE:\n            exception_class = ElementNotVisibleException\n        elif status in ErrorCode.INVALID_ELEMENT_STATE:\n            exception_class = InvalidElementStateException\n        elif (\n            status in ErrorCode.INVALID_SELECTOR\n            or status in ErrorCode.INVALID_XPATH_SELECTOR\n            or status in ErrorCode.INVALID_XPATH_SELECTOR_RETURN_TYPER\n        ):\n            exception_class = InvalidSelectorException\n        elif status in ErrorCode.ELEMENT_IS_NOT_SELECTABLE:\n            exception_class = ElementNotSelectableException\n        elif status in ErrorCode.ELEMENT_NOT_INTERACTABLE:\n            exception_class = ElementNotInteractableException\n        elif status in ErrorCode.INVALID_COOKIE_DOMAIN:\n            exception_class = InvalidCookieDomainException\n        elif status in ErrorCode.UNABLE_TO_SET_COOKIE:\n            exception_class = UnableToSetCookieException\n        elif status in ErrorCode.TIMEOUT:\n            exception_class = TimeoutException\n        elif status in ErrorCode.SCRIPT_TIMEOUT:\n            exception_class = TimeoutException\n        elif status in ErrorCode.UNKNOWN_ERROR:\n            exception_class = WebDriverException\n        elif status in ErrorCode.UNEXPECTED_ALERT_OPEN:\n            exception_class = UnexpectedAlertPresentException\n        elif status in ErrorCode.NO_ALERT_OPEN:\n            exception_class = NoAlertPresentException\n        elif status in ErrorCode.IME_NOT_AVAILABLE:\n            exception_class = ImeNotAvailableException\n        elif status in ErrorCode.IME_ENGINE_ACTIVATION_FAILED:\n            exception_class = ImeActivationFailedException\n        elif status in ErrorCode.MOVE_TARGET_OUT_OF_BOUNDS:\n            exception_class = MoveTargetOutOfBoundsException\n        elif status in ErrorCode.JAVASCRIPT_ERROR:\n            exception_class = JavascriptException\n        elif status in ErrorCode.SESSION_NOT_CREATED:\n            exception_class = SessionNotCreatedException\n        elif status in ErrorCode.INVALID_ARGUMENT:\n            exception_class = InvalidArgumentException\n        elif status in ErrorCode.NO_SUCH_COOKIE:\n            exception_class = NoSuchCookieException\n        elif status in ErrorCode.UNABLE_TO_CAPTURE_SCREEN:\n            exception_class = ScreenshotException\n        elif status in ErrorCode.ELEMENT_CLICK_INTERCEPTED:\n            exception_class = ElementClickInterceptedException\n        elif status in ErrorCode.INSECURE_CERTIFICATE:\n            exception_class = InsecureCertificateException\n        elif status in ErrorCode.INVALID_COORDINATES:\n            exception_class = InvalidCoordinatesException\n        elif status in ErrorCode.INVALID_SESSION_ID:\n            exception_class = InvalidSessionIdException\n        elif status in ErrorCode.UNKNOWN_METHOD:\n            exception_class = UnknownMethodException\n        else:\n            exception_class = WebDriverException\n        if not value:\n            value = response[\"value\"]\n        if isinstance(value, str):\n            raise exception_class(value)\n        if message == \"\" and \"message\" in value:\n            message = value[\"message\"]\n    \n        screen = None  # type: ignore[assignment]\n        if \"screen\" in value:\n            screen = value[\"screen\"]\n    \n        stacktrace = None\n        st_value = value.get(\"stackTrace\") or value.get(\"stacktrace\")\n        if st_value:\n            if isinstance(st_value, str):\n                stacktrace = st_value.split(\"\\n\")\n            else:\n                stacktrace = []\n                try:\n                    for frame in st_value:\n                        line = frame.get(\"lineNumber\", \"\")\n                        file = frame.get(\"fileName\", \"<anonymous>\")\n                        if line:\n                            file = f\"{file}:{line}\"\n                        meth = frame.get(\"methodName\", \"<anonymous>\")\n                        if \"className\" in frame:\n                            meth = \"{}.{}\".format(frame[\"className\"], meth)\n                        msg = \"    at %s (%s)\"\n                        msg = msg % (meth, file)\n                        stacktrace.append(msg)\n                except TypeError:\n                    pass\n        if exception_class == UnexpectedAlertPresentException:\n            alert_text = None\n            if \"data\" in value:\n                alert_text = value[\"data\"].get(\"text\")\n            elif \"alert\" in value:\n                alert_text = value[\"alert\"].get(\"text\")\n            raise exception_class(message, screen, stacktrace, alert_text)  # type: ignore[call-arg]  # mypy is not smart enough here\n>       raise exception_class(message, screen, stacktrace)\nE       selenium.common.exceptions.WebDriverException: Message: unknown error: Chrome failed to start: exited abnormally.\nE         (unknown error: DevToolsActivePort file doesn't exist)\nE         (The process started from chrome location /usr/bin/google-chrome is no longer running, so ChromeDriver is assuming that Chrome has crashed.)\nE       Stacktrace:\nE       #0 0x559bc8aff463 <unknown>\nE       #1 0x559bc88c38d8 <unknown>\nE       #2 0x559bc88ebb6a <unknown>\nE       #3 0x559bc88e6c05 <unknown>\nE       #4 0x559bc892a802 <unknown>\nE       #5 0x559bc892a2af <unknown>\nE       #6 0x559bc8922443 <unknown>\nE       #7 0x559bc88f33c5 <unknown>\nE       #8 0x559bc88f4531 <unknown>\nE       #9 0x559bc8b51dce <unknown>\nE       #10 0x559bc8b55192 <unknown>\nE       #11 0x559bc8b3693e <unknown>\nE       #12 0x559bc8b56103 <unknown>\nE       #13 0x559bc8b29d85 <unknown>\nE       #14 0x559bc8b770a8 <unknown>\nE       #15 0x559bc8b77239 <unknown>\nE       #16 0x559bc8b92492 <unknown>\nE       #17 0x7fe7e22a9b43 <unknown>\n\n.venv/lib/python3.10/site-packages/selenium/webdriver/remote/errorhandler.py:249: WebDriverException","flaky":false,"newFailed":false,"newBroken":false,"newPassed":false,"retriesCount":0,"retriesStatusChange":false,"beforeStages":[{"name":"browser","time":{"start":1669159939473,"stop":1669159940333,"duration":860},"status":"broken","statusMessage":"selenium.common.exceptions.WebDriverException: Message: unknown error: Chrome failed to start: exited abnormally.\n  (unknown error: DevToolsActivePort file doesn't exist)\n  (The process started from chrome location /usr/bin/google-chrome is no longer running, so ChromeDriver is assuming that Chrome has crashed.)\nStacktrace:\n#0 0x559bc8aff463 <unknown>\n#1 0x559bc88c38d8 <unknown>\n#2 0x559bc88ebb6a <unknown>\n#3 0x559bc88e6c05 <unknown>\n#4 0x559bc892a802 <unknown>\n#5 0x559bc892a2af <unknown>\n#6 0x559bc8922443 <unknown>\n#7 0x559bc88f33c5 <unknown>\n#8 0x559bc88f4531 <unknown>\n#9 0x559bc8b51dce <unknown>\n#10 0x559bc8b55192 <unknown>\n#11 0x559bc8b3693e <unknown>\n#12 0x559bc8b56103 <unknown>\n#13 0x559bc8b29d85 <unknown>\n#14 0x559bc8b770a8 <unknown>\n#15 0x559bc8b77239 <unknown>\n#16 0x559bc8b92492 <unknown>\n#17 0x7fe7e22a9b43 <unknown>\n\n","statusTrace":"  File \"/home/runner/work/Saucedemo_05/Saucedemo_05/.venv/lib/python3.10/site-packages/pluggy/_callers.py\", line 39, in _multicall\n    res = hook_impl.function(*args)\n  File \"/home/runner/work/Saucedemo_05/Saucedemo_05/.venv/lib/python3.10/site-packages/_pytest/fixtures.py\", line 1128, in pytest_fixture_setup\n    result = call_fixture_func(fixturefunc, request, kwargs)\n  File \"/home/runner/work/Saucedemo_05/Saucedemo_05/.venv/lib/python3.10/site-packages/_pytest/fixtures.py\", line 900, in call_fixture_func\n    fixture_result = next(generator)\n  File \"/home/runner/work/Saucedemo_05/Saucedemo_05/conftest.py\", line 17, in browser\n    browser = webdriver.Chrome(ChromeDriverManager().install(), options=options\n  File \"/home/runner/work/Saucedemo_05/Saucedemo_05/.venv/lib/python3.10/site-packages/selenium/webdriver/chrome/webdriver.py\", line 81, in __init__\n    super().__init__(\n  File \"/home/runner/work/Saucedemo_05/Saucedemo_05/.venv/lib/python3.10/site-packages/selenium/webdriver/chromium/webdriver.py\", line 106, in __init__\n    super().__init__(\n  File \"/home/runner/work/Saucedemo_05/Saucedemo_05/.venv/lib/python3.10/site-packages/selenium/webdriver/remote/webdriver.py\", line 288, in __init__\n    self.start_session(capabilities, browser_profile)\n  File \"/home/runner/work/Saucedemo_05/Saucedemo_05/.venv/lib/python3.10/site-packages/selenium/webdriver/remote/webdriver.py\", line 381, in start_session\n    response = self.execute(Command.NEW_SESSION, parameters)\n  File \"/home/runner/work/Saucedemo_05/Saucedemo_05/.venv/lib/python3.10/site-packages/selenium/webdriver/remote/webdriver.py\", line 444, in execute\n    self.error_handler.check_response(response)\n  File \"/home/runner/work/Saucedemo_05/Saucedemo_05/.venv/lib/python3.10/site-packages/selenium/webdriver/remote/errorhandler.py\", line 249, in check_response\n    raise exception_class(message, screen, stacktrace)\n","steps":[],"attachments":[],"parameters":[],"stepsCount":0,"attachmentsCount":0,"shouldDisplayMessage":true,"hasContent":true},{"name":"headless","time":{"start":1669159939473,"stop":1669159939473,"duration":0},"status":"passed","steps":[],"attachments":[],"parameters":[],"stepsCount":0,"attachmentsCount":0,"shouldDisplayMessage":false,"hasContent":false}],"afterStages":[],"labels":[{"name":"story","value":"TC_007.00.01"},{"name":"epic","value":"UC_007.00"},{"name":"parentSuite","value":"tests.test_cart"},{"name":"suite","value":"test_checkout"},{"name":"subSuite","value":"TestCheckoutClass"},{"name":"host","value":"fv-az577-185"},{"name":"thread","value":"2611-MainThread"},{"name":"framework","value":"pytest"},{"name":"language","value":"cpython3"},{"name":"package","value":"tests.test_cart.test_checkout"},{"name":"resultFormat","value":"allure2"}],"parameters":[],"links":[],"hidden":false,"retry":false,"extra":{"severity":"normal","retries":[],"categories":[{"name":"Test defects","matchedStatuses":[],"flaky":false}],"history":{"statistic":{"failed":0,"broken":4,"skipped":0,"passed":0,"unknown":0,"total":4},"items":[{"uid":"3eab24d0df798e7e","reportUrl":"https://FireDucks05.github.io/Saucedemo_05/70//#testresult/3eab24d0df798e7e","status":"broken","statusDetails":"selenium.common.exceptions.WebDriverException: Message: unknown error: Chrome failed to start: exited abnormally.\n  (unknown error: DevToolsActivePort file doesn't exist)\n  (The process started from chrome location /usr/bin/google-chrome is no longer running, so ChromeDriver is assuming that Chrome has crashed.)\nStacktrace:\n#0 0x55d039ba4463 <unknown>\n#1 0x55d0399688d8 <unknown>\n#2 0x55d039990b6a <unknown>\n#3 0x55d03998bc05 <unknown>\n#4 0x55d0399cf802 <unknown>\n#5 0x55d0399cf2af <unknown>\n#6 0x55d0399c7443 <unknown>\n#7 0x55d0399983c5 <unknown>\n#8 0x55d039999531 <unknown>\n#9 0x55d039bf6dce <unknown>\n#10 0x55d039bfa192 <unknown>\n#11 0x55d039bdb93e <unknown>\n#12 0x55d039bfb103 <unknown>\n#13 0x55d039bced85 <unknown>\n#14 0x55d039c1c0a8 <unknown>\n#15 0x55d039c1c239 <unknown>\n#16 0x55d039c37492 <unknown>\n#17 0x7f59387a2b43 <unknown>","time":{"start":1669159193519,"stop":1669159193519,"duration":0}},{"uid":"e9410b342d43691","reportUrl":"https://FireDucks05.github.io/Saucedemo_05/52//#testresult/e9410b342d43691","status":"broken","statusDetails":"selenium.common.exceptions.WebDriverException: Message: unknown error: Chrome failed to start: exited abnormally.\n  (unknown error: DevToolsActivePort file doesn't exist)\n  (The process started from chrome location /usr/bin/google-chrome is no longer running, so ChromeDriver is assuming that Chrome has crashed.)\nStacktrace:\n#0 0x560b76083463 <unknown>\n#1 0x560b75e478d8 <unknown>\n#2 0x560b75e6fb6a <unknown>\n#3 0x560b75e6ac05 <unknown>\n#4 0x560b75eae802 <unknown>\n#5 0x560b75eae2af <unknown>\n#6 0x560b75ea6443 <unknown>\n#7 0x560b75e773c5 <unknown>\n#8 0x560b75e78531 <unknown>\n#9 0x560b760d5dce <unknown>\n#10 0x560b760d9192 <unknown>\n#11 0x560b760ba93e <unknown>\n#12 0x560b760da103 <unknown>\n#13 0x560b760add85 <unknown>\n#14 0x560b760fb0a8 <unknown>\n#15 0x560b760fb239 <unknown>\n#16 0x560b76116492 <unknown>\n#17 0x7fafc73cbb43 <unknown>","time":{"start":1669086992654,"stop":1669086992654,"duration":0}},{"uid":"7cd920920cbd5445","reportUrl":"https://FireDucks05.github.io/Saucedemo_05/51//#testresult/7cd920920cbd5445","status":"broken","statusDetails":"selenium.common.exceptions.WebDriverException: Message: unknown error: Chrome failed to start: exited abnormally.\n  (unknown error: DevToolsActivePort file doesn't exist)\n  (The process started from chrome location /usr/bin/google-chrome is no longer running, so ChromeDriver is assuming that Chrome has crashed.)\nStacktrace:\n#0 0x5571e4b55463 <unknown>\n#1 0x5571e49198d8 <unknown>\n#2 0x5571e4941b6a <unknown>\n#3 0x5571e493cc05 <unknown>\n#4 0x5571e4980802 <unknown>\n#5 0x5571e49802af <unknown>\n#6 0x5571e4978443 <unknown>\n#7 0x5571e49493c5 <unknown>\n#8 0x5571e494a531 <unknown>\n#9 0x5571e4ba7dce <unknown>\n#10 0x5571e4bab192 <unknown>\n#11 0x5571e4b8c93e <unknown>\n#12 0x5571e4bac103 <unknown>\n#13 0x5571e4b7fd85 <unknown>\n#14 0x5571e4bcd0a8 <unknown>\n#15 0x5571e4bcd239 <unknown>\n#16 0x5571e4be8492 <unknown>\n#17 0x7ff275e8cb43 <unknown>","time":{"start":1669086353721,"stop":1669086353721,"duration":0}}]},"tags":[]},"source":"71a923777dbd8a2a.json","parameterValues":[]}