{"uid":"c5fc4e5f8ed7dc63","name":"Button text after remove","fullName":"tests.test_cart.test_inventory.TestCartClass#test_change_add_button_text","historyId":"a0171eee90eeb14ba327ca96f8af0d98","time":{"start":1669159941244,"stop":1669159941244,"duration":0},"status":"broken","statusMessage":"selenium.common.exceptions.WebDriverException: Message: unknown error: Chrome failed to start: exited abnormally.\n  (unknown error: DevToolsActivePort file doesn't exist)\n  (The process started from chrome location /usr/bin/google-chrome is no longer running, so ChromeDriver is assuming that Chrome has crashed.)\nStacktrace:\n#0 0x562d48694463 <unknown>\n#1 0x562d484588d8 <unknown>\n#2 0x562d48480b6a <unknown>\n#3 0x562d4847bc05 <unknown>\n#4 0x562d484bf802 <unknown>\n#5 0x562d484bf2af <unknown>\n#6 0x562d484b7443 <unknown>\n#7 0x562d484883c5 <unknown>\n#8 0x562d48489531 <unknown>\n#9 0x562d486e6dce <unknown>\n#10 0x562d486ea192 <unknown>\n#11 0x562d486cb93e <unknown>\n#12 0x562d486eb103 <unknown>\n#13 0x562d486bed85 <unknown>\n#14 0x562d4870c0a8 <unknown>\n#15 0x562d4870c239 <unknown>\n#16 0x562d48727492 <unknown>\n#17 0x7f1771df6b43 <unknown>","statusTrace":"request = <SubRequest 'browser' for <Function test_change_add_button_text>>\nheadless = False\n\n    @pytest.fixture(autouse=True)\n    def browser(request, headless):\n        options = webdriver.ChromeOptions()\n        options.headless = headless\n        logging.info('start logs')\n>       browser = webdriver.Chrome(ChromeDriverManager().install(), options=options\n        )\n\nconftest.py:17: \n_ _ _ _ _ _ _ _ _ _ _ _ _ _ _ _ _ _ _ _ _ _ _ _ _ _ _ _ _ _ _ _ _ _ _ _ _ _ _ _ \n.venv/lib/python3.10/site-packages/selenium/webdriver/chrome/webdriver.py:81: in __init__\n    super().__init__(\n.venv/lib/python3.10/site-packages/selenium/webdriver/chromium/webdriver.py:106: in __init__\n    super().__init__(\n.venv/lib/python3.10/site-packages/selenium/webdriver/remote/webdriver.py:288: in __init__\n    self.start_session(capabilities, browser_profile)\n.venv/lib/python3.10/site-packages/selenium/webdriver/remote/webdriver.py:381: in start_session\n    response = self.execute(Command.NEW_SESSION, parameters)\n.venv/lib/python3.10/site-packages/selenium/webdriver/remote/webdriver.py:444: in execute\n    self.error_handler.check_response(response)\n_ _ _ _ _ _ _ _ _ _ _ _ _ _ _ _ _ _ _ _ _ _ _ _ _ _ _ _ _ _ _ _ _ _ _ _ _ _ _ _ \n\nself = <selenium.webdriver.remote.errorhandler.ErrorHandler object at 0x7fa223c82fe0>\nresponse = {'status': 500, 'value': '{\"value\":{\"error\":\"unknown error\",\"message\":\"unknown error: Chrome failed to start: exited a...\\\\n#15 0x562d4870c239 \\\\u003Cunknown>\\\\n#16 0x562d48727492 \\\\u003Cunknown>\\\\n#17 0x7f1771df6b43 \\\\u003Cunknown>\\\\n\"}}'}\n\n    def check_response(self, response: Dict[str, Any]) -> None:\n        \"\"\"\n        Checks that a JSON response from the WebDriver does not have an error.\n    \n        :Args:\n         - response - The JSON response from the WebDriver server as a dictionary\n           object.\n    \n        :Raises: If the response contains an error message.\n        \"\"\"\n        status = response.get(\"status\", None)\n        if not status or status == ErrorCode.SUCCESS:\n            return\n        value = None\n        message = response.get(\"message\", \"\")\n        screen: str = response.get(\"screen\", \"\")\n        stacktrace = None\n        if isinstance(status, int):\n            value_json = response.get(\"value\", None)\n            if value_json and isinstance(value_json, str):\n                import json\n    \n                try:\n                    value = json.loads(value_json)\n                    if len(value.keys()) == 1:\n                        value = value[\"value\"]\n                    status = value.get(\"error\", None)\n                    if not status:\n                        status = value.get(\"status\", ErrorCode.UNKNOWN_ERROR)\n                        message = value.get(\"value\") or value.get(\"message\")\n                        if not isinstance(message, str):\n                            value = message\n                            message = message.get(\"message\")\n                    else:\n                        message = value.get(\"message\", None)\n                except ValueError:\n                    pass\n    \n        exception_class: Type[WebDriverException]\n        if status in ErrorCode.NO_SUCH_ELEMENT:\n            exception_class = NoSuchElementException\n        elif status in ErrorCode.NO_SUCH_FRAME:\n            exception_class = NoSuchFrameException\n        elif status in ErrorCode.NO_SUCH_SHADOW_ROOT:\n            exception_class = NoSuchShadowRootException\n        elif status in ErrorCode.NO_SUCH_WINDOW:\n            exception_class = NoSuchWindowException\n        elif status in ErrorCode.STALE_ELEMENT_REFERENCE:\n            exception_class = StaleElementReferenceException\n        elif status in ErrorCode.ELEMENT_NOT_VISIBLE:\n            exception_class = ElementNotVisibleException\n        elif status in ErrorCode.INVALID_ELEMENT_STATE:\n            exception_class = InvalidElementStateException\n        elif (\n            status in ErrorCode.INVALID_SELECTOR\n            or status in ErrorCode.INVALID_XPATH_SELECTOR\n            or status in ErrorCode.INVALID_XPATH_SELECTOR_RETURN_TYPER\n        ):\n            exception_class = InvalidSelectorException\n        elif status in ErrorCode.ELEMENT_IS_NOT_SELECTABLE:\n            exception_class = ElementNotSelectableException\n        elif status in ErrorCode.ELEMENT_NOT_INTERACTABLE:\n            exception_class = ElementNotInteractableException\n        elif status in ErrorCode.INVALID_COOKIE_DOMAIN:\n            exception_class = InvalidCookieDomainException\n        elif status in ErrorCode.UNABLE_TO_SET_COOKIE:\n            exception_class = UnableToSetCookieException\n        elif status in ErrorCode.TIMEOUT:\n            exception_class = TimeoutException\n        elif status in ErrorCode.SCRIPT_TIMEOUT:\n            exception_class = TimeoutException\n        elif status in ErrorCode.UNKNOWN_ERROR:\n            exception_class = WebDriverException\n        elif status in ErrorCode.UNEXPECTED_ALERT_OPEN:\n            exception_class = UnexpectedAlertPresentException\n        elif status in ErrorCode.NO_ALERT_OPEN:\n            exception_class = NoAlertPresentException\n        elif status in ErrorCode.IME_NOT_AVAILABLE:\n            exception_class = ImeNotAvailableException\n        elif status in ErrorCode.IME_ENGINE_ACTIVATION_FAILED:\n            exception_class = ImeActivationFailedException\n        elif status in ErrorCode.MOVE_TARGET_OUT_OF_BOUNDS:\n            exception_class = MoveTargetOutOfBoundsException\n        elif status in ErrorCode.JAVASCRIPT_ERROR:\n            exception_class = JavascriptException\n        elif status in ErrorCode.SESSION_NOT_CREATED:\n            exception_class = SessionNotCreatedException\n        elif status in ErrorCode.INVALID_ARGUMENT:\n            exception_class = InvalidArgumentException\n        elif status in ErrorCode.NO_SUCH_COOKIE:\n            exception_class = NoSuchCookieException\n        elif status in ErrorCode.UNABLE_TO_CAPTURE_SCREEN:\n            exception_class = ScreenshotException\n        elif status in ErrorCode.ELEMENT_CLICK_INTERCEPTED:\n            exception_class = ElementClickInterceptedException\n        elif status in ErrorCode.INSECURE_CERTIFICATE:\n            exception_class = InsecureCertificateException\n        elif status in ErrorCode.INVALID_COORDINATES:\n            exception_class = InvalidCoordinatesException\n        elif status in ErrorCode.INVALID_SESSION_ID:\n            exception_class = InvalidSessionIdException\n        elif status in ErrorCode.UNKNOWN_METHOD:\n            exception_class = UnknownMethodException\n        else:\n            exception_class = WebDriverException\n        if not value:\n            value = response[\"value\"]\n        if isinstance(value, str):\n            raise exception_class(value)\n        if message == \"\" and \"message\" in value:\n            message = value[\"message\"]\n    \n        screen = None  # type: ignore[assignment]\n        if \"screen\" in value:\n            screen = value[\"screen\"]\n    \n        stacktrace = None\n        st_value = value.get(\"stackTrace\") or value.get(\"stacktrace\")\n        if st_value:\n            if isinstance(st_value, str):\n                stacktrace = st_value.split(\"\\n\")\n            else:\n                stacktrace = []\n                try:\n                    for frame in st_value:\n                        line = frame.get(\"lineNumber\", \"\")\n                        file = frame.get(\"fileName\", \"<anonymous>\")\n                        if line:\n                            file = f\"{file}:{line}\"\n                        meth = frame.get(\"methodName\", \"<anonymous>\")\n                        if \"className\" in frame:\n                            meth = \"{}.{}\".format(frame[\"className\"], meth)\n                        msg = \"    at %s (%s)\"\n                        msg = msg % (meth, file)\n                        stacktrace.append(msg)\n                except TypeError:\n                    pass\n        if exception_class == UnexpectedAlertPresentException:\n            alert_text = None\n            if \"data\" in value:\n                alert_text = value[\"data\"].get(\"text\")\n            elif \"alert\" in value:\n                alert_text = value[\"alert\"].get(\"text\")\n            raise exception_class(message, screen, stacktrace, alert_text)  # type: ignore[call-arg]  # mypy is not smart enough here\n>       raise exception_class(message, screen, stacktrace)\nE       selenium.common.exceptions.WebDriverException: Message: unknown error: Chrome failed to start: exited abnormally.\nE         (unknown error: DevToolsActivePort file doesn't exist)\nE         (The process started from chrome location /usr/bin/google-chrome is no longer running, so ChromeDriver is assuming that Chrome has crashed.)\nE       Stacktrace:\nE       #0 0x562d48694463 <unknown>\nE       #1 0x562d484588d8 <unknown>\nE       #2 0x562d48480b6a <unknown>\nE       #3 0x562d4847bc05 <unknown>\nE       #4 0x562d484bf802 <unknown>\nE       #5 0x562d484bf2af <unknown>\nE       #6 0x562d484b7443 <unknown>\nE       #7 0x562d484883c5 <unknown>\nE       #8 0x562d48489531 <unknown>\nE       #9 0x562d486e6dce <unknown>\nE       #10 0x562d486ea192 <unknown>\nE       #11 0x562d486cb93e <unknown>\nE       #12 0x562d486eb103 <unknown>\nE       #13 0x562d486bed85 <unknown>\nE       #14 0x562d4870c0a8 <unknown>\nE       #15 0x562d4870c239 <unknown>\nE       #16 0x562d48727492 <unknown>\nE       #17 0x7f1771df6b43 <unknown>\n\n.venv/lib/python3.10/site-packages/selenium/webdriver/remote/errorhandler.py:249: WebDriverException","flaky":false,"newFailed":false,"newBroken":false,"newPassed":false,"retriesCount":0,"retriesStatusChange":false,"beforeStages":[{"name":"headless","time":{"start":1669159940377,"stop":1669159940378,"duration":1},"status":"passed","steps":[],"attachments":[],"parameters":[],"stepsCount":0,"attachmentsCount":0,"shouldDisplayMessage":false,"hasContent":false},{"name":"browser","time":{"start":1669159941245,"stop":1669159942041,"duration":796},"status":"broken","statusMessage":"selenium.common.exceptions.WebDriverException: Message: unknown error: Chrome failed to start: exited abnormally.\n  (unknown error: DevToolsActivePort file doesn't exist)\n  (The process started from chrome location /usr/bin/google-chrome is no longer running, so ChromeDriver is assuming that Chrome has crashed.)\nStacktrace:\n#0 0x562d48694463 <unknown>\n#1 0x562d484588d8 <unknown>\n#2 0x562d48480b6a <unknown>\n#3 0x562d4847bc05 <unknown>\n#4 0x562d484bf802 <unknown>\n#5 0x562d484bf2af <unknown>\n#6 0x562d484b7443 <unknown>\n#7 0x562d484883c5 <unknown>\n#8 0x562d48489531 <unknown>\n#9 0x562d486e6dce <unknown>\n#10 0x562d486ea192 <unknown>\n#11 0x562d486cb93e <unknown>\n#12 0x562d486eb103 <unknown>\n#13 0x562d486bed85 <unknown>\n#14 0x562d4870c0a8 <unknown>\n#15 0x562d4870c239 <unknown>\n#16 0x562d48727492 <unknown>\n#17 0x7f1771df6b43 <unknown>\n\n","statusTrace":"  File \"/home/runner/work/Saucedemo_05/Saucedemo_05/.venv/lib/python3.10/site-packages/pluggy/_callers.py\", line 39, in _multicall\n    res = hook_impl.function(*args)\n  File \"/home/runner/work/Saucedemo_05/Saucedemo_05/.venv/lib/python3.10/site-packages/_pytest/fixtures.py\", line 1128, in pytest_fixture_setup\n    result = call_fixture_func(fixturefunc, request, kwargs)\n  File \"/home/runner/work/Saucedemo_05/Saucedemo_05/.venv/lib/python3.10/site-packages/_pytest/fixtures.py\", line 900, in call_fixture_func\n    fixture_result = next(generator)\n  File \"/home/runner/work/Saucedemo_05/Saucedemo_05/conftest.py\", line 17, in browser\n    browser = webdriver.Chrome(ChromeDriverManager().install(), options=options\n  File \"/home/runner/work/Saucedemo_05/Saucedemo_05/.venv/lib/python3.10/site-packages/selenium/webdriver/chrome/webdriver.py\", line 81, in __init__\n    super().__init__(\n  File \"/home/runner/work/Saucedemo_05/Saucedemo_05/.venv/lib/python3.10/site-packages/selenium/webdriver/chromium/webdriver.py\", line 106, in __init__\n    super().__init__(\n  File \"/home/runner/work/Saucedemo_05/Saucedemo_05/.venv/lib/python3.10/site-packages/selenium/webdriver/remote/webdriver.py\", line 288, in __init__\n    self.start_session(capabilities, browser_profile)\n  File \"/home/runner/work/Saucedemo_05/Saucedemo_05/.venv/lib/python3.10/site-packages/selenium/webdriver/remote/webdriver.py\", line 381, in start_session\n    response = self.execute(Command.NEW_SESSION, parameters)\n  File \"/home/runner/work/Saucedemo_05/Saucedemo_05/.venv/lib/python3.10/site-packages/selenium/webdriver/remote/webdriver.py\", line 444, in execute\n    self.error_handler.check_response(response)\n  File \"/home/runner/work/Saucedemo_05/Saucedemo_05/.venv/lib/python3.10/site-packages/selenium/webdriver/remote/errorhandler.py\", line 249, in check_response\n    raise exception_class(message, screen, stacktrace)\n","steps":[],"attachments":[],"parameters":[],"stepsCount":0,"attachmentsCount":0,"shouldDisplayMessage":true,"hasContent":true}],"afterStages":[],"labels":[{"name":"epic","value":"US_002.00"},{"name":"story","value":"TC_002.00.02"},{"name":"parentSuite","value":"tests.test_cart"},{"name":"suite","value":"test_inventory"},{"name":"subSuite","value":"TestCartClass"},{"name":"host","value":"fv-az577-185"},{"name":"thread","value":"2614-MainThread"},{"name":"framework","value":"pytest"},{"name":"language","value":"cpython3"},{"name":"package","value":"tests.test_cart.test_inventory"},{"name":"resultFormat","value":"allure2"}],"parameters":[],"links":[],"hidden":false,"retry":false,"extra":{"severity":"normal","retries":[],"categories":[{"name":"Test defects","matchedStatuses":[],"flaky":false}],"history":{"statistic":{"failed":0,"broken":4,"skipped":0,"passed":0,"unknown":0,"total":4},"items":[{"uid":"566bd7fcf53ddb05","reportUrl":"https://FireDucks05.github.io/Saucedemo_05/70//#testresult/566bd7fcf53ddb05","status":"broken","statusDetails":"selenium.common.exceptions.WebDriverException: Message: unknown error: Chrome failed to start: exited abnormally.\n  (unknown error: DevToolsActivePort file doesn't exist)\n  (The process started from chrome location /usr/bin/google-chrome is no longer running, so ChromeDriver is assuming that Chrome has crashed.)\nStacktrace:\n#0 0x55db4177d463 <unknown>\n#1 0x55db415418d8 <unknown>\n#2 0x55db41569b6a <unknown>\n#3 0x55db41564c05 <unknown>\n#4 0x55db415a8802 <unknown>\n#5 0x55db415a82af <unknown>\n#6 0x55db415a0443 <unknown>\n#7 0x55db415713c5 <unknown>\n#8 0x55db41572531 <unknown>\n#9 0x55db417cfdce <unknown>\n#10 0x55db417d3192 <unknown>\n#11 0x55db417b493e <unknown>\n#12 0x55db417d4103 <unknown>\n#13 0x55db417a7d85 <unknown>\n#14 0x55db417f50a8 <unknown>\n#15 0x55db417f5239 <unknown>\n#16 0x55db41810492 <unknown>\n#17 0x7fb220444b43 <unknown>","time":{"start":1669159195253,"stop":1669159195253,"duration":0}},{"uid":"71ca6a327df99aea","reportUrl":"https://FireDucks05.github.io/Saucedemo_05/52//#testresult/71ca6a327df99aea","status":"broken","statusDetails":"selenium.common.exceptions.WebDriverException: Message: unknown error: Chrome failed to start: exited abnormally.\n  (unknown error: DevToolsActivePort file doesn't exist)\n  (The process started from chrome location /usr/bin/google-chrome is no longer running, so ChromeDriver is assuming that Chrome has crashed.)\nStacktrace:\n#0 0x560d55114463 <unknown>\n#1 0x560d54ed88d8 <unknown>\n#2 0x560d54f00b6a <unknown>\n#3 0x560d54efbc05 <unknown>\n#4 0x560d54f3f802 <unknown>\n#5 0x560d54f3f2af <unknown>\n#6 0x560d54f37443 <unknown>\n#7 0x560d54f083c5 <unknown>\n#8 0x560d54f09531 <unknown>\n#9 0x560d55166dce <unknown>\n#10 0x560d5516a192 <unknown>\n#11 0x560d5514b93e <unknown>\n#12 0x560d5516b103 <unknown>\n#13 0x560d5513ed85 <unknown>\n#14 0x560d5518c0a8 <unknown>\n#15 0x560d5518c239 <unknown>\n#16 0x560d551a7492 <unknown>\n#17 0x7f0edcc07b43 <unknown>","time":{"start":1669086995116,"stop":1669086995116,"duration":0}},{"uid":"f2f2cc5988e3b2a1","reportUrl":"https://FireDucks05.github.io/Saucedemo_05/51//#testresult/f2f2cc5988e3b2a1","status":"broken","statusDetails":"selenium.common.exceptions.WebDriverException: Message: unknown error: Chrome failed to start: exited abnormally.\n  (unknown error: DevToolsActivePort file doesn't exist)\n  (The process started from chrome location /usr/bin/google-chrome is no longer running, so ChromeDriver is assuming that Chrome has crashed.)\nStacktrace:\n#0 0x555c3e781463 <unknown>\n#1 0x555c3e5458d8 <unknown>\n#2 0x555c3e56db6a <unknown>\n#3 0x555c3e568c05 <unknown>\n#4 0x555c3e5ac802 <unknown>\n#5 0x555c3e5ac2af <unknown>\n#6 0x555c3e5a4443 <unknown>\n#7 0x555c3e5753c5 <unknown>\n#8 0x555c3e576531 <unknown>\n#9 0x555c3e7d3dce <unknown>\n#10 0x555c3e7d7192 <unknown>\n#11 0x555c3e7b893e <unknown>\n#12 0x555c3e7d8103 <unknown>\n#13 0x555c3e7abd85 <unknown>\n#14 0x555c3e7f90a8 <unknown>\n#15 0x555c3e7f9239 <unknown>\n#16 0x555c3e814492 <unknown>\n#17 0x7f4eb622bb43 <unknown>","time":{"start":1669086356221,"stop":1669086356221,"duration":0}}]},"tags":[]},"source":"c5fc4e5f8ed7dc63.json","parameterValues":[]}