{"uid":"fb329d0821c95041","name":"Sort products ASC price","fullName":"tests.test_cart.test_sorting.TestCartClass#test_sorting_asc","historyId":"0944ff3c4a4eaf1033bd65bc824a14e8","time":{"start":1669159943005,"stop":1669159943005,"duration":0},"status":"broken","statusMessage":"selenium.common.exceptions.WebDriverException: Message: unknown error: Chrome failed to start: exited abnormally.\n  (unknown error: DevToolsActivePort file doesn't exist)\n  (The process started from chrome location /usr/bin/google-chrome is no longer running, so ChromeDriver is assuming that Chrome has crashed.)\nStacktrace:\n#0 0x55aad3207463 <unknown>\n#1 0x55aad2fcb8d8 <unknown>\n#2 0x55aad2ff3b6a <unknown>\n#3 0x55aad2feec05 <unknown>\n#4 0x55aad3032802 <unknown>\n#5 0x55aad30322af <unknown>\n#6 0x55aad302a443 <unknown>\n#7 0x55aad2ffb3c5 <unknown>\n#8 0x55aad2ffc531 <unknown>\n#9 0x55aad3259dce <unknown>\n#10 0x55aad325d192 <unknown>\n#11 0x55aad323e93e <unknown>\n#12 0x55aad325e103 <unknown>\n#13 0x55aad3231d85 <unknown>\n#14 0x55aad327f0a8 <unknown>\n#15 0x55aad327f239 <unknown>\n#16 0x55aad329a492 <unknown>\n#17 0x7f1bb9c47b43 <unknown>","statusTrace":"request = <SubRequest 'browser' for <Function test_sorting_asc>>\nheadless = False\n\n    @pytest.fixture(autouse=True)\n    def browser(request, headless):\n        options = webdriver.ChromeOptions()\n        options.headless = headless\n        logging.info('start logs')\n>       browser = webdriver.Chrome(ChromeDriverManager().install(), options=options\n        )\n\nconftest.py:17: \n_ _ _ _ _ _ _ _ _ _ _ _ _ _ _ _ _ _ _ _ _ _ _ _ _ _ _ _ _ _ _ _ _ _ _ _ _ _ _ _ \n.venv/lib/python3.10/site-packages/selenium/webdriver/chrome/webdriver.py:81: in __init__\n    super().__init__(\n.venv/lib/python3.10/site-packages/selenium/webdriver/chromium/webdriver.py:106: in __init__\n    super().__init__(\n.venv/lib/python3.10/site-packages/selenium/webdriver/remote/webdriver.py:288: in __init__\n    self.start_session(capabilities, browser_profile)\n.venv/lib/python3.10/site-packages/selenium/webdriver/remote/webdriver.py:381: in start_session\n    response = self.execute(Command.NEW_SESSION, parameters)\n.venv/lib/python3.10/site-packages/selenium/webdriver/remote/webdriver.py:444: in execute\n    self.error_handler.check_response(response)\n_ _ _ _ _ _ _ _ _ _ _ _ _ _ _ _ _ _ _ _ _ _ _ _ _ _ _ _ _ _ _ _ _ _ _ _ _ _ _ _ \n\nself = <selenium.webdriver.remote.errorhandler.ErrorHandler object at 0x7fa223c3e2f0>\nresponse = {'status': 500, 'value': '{\"value\":{\"error\":\"unknown error\",\"message\":\"unknown error: Chrome failed to start: exited a...\\\\n#15 0x55aad327f239 \\\\u003Cunknown>\\\\n#16 0x55aad329a492 \\\\u003Cunknown>\\\\n#17 0x7f1bb9c47b43 \\\\u003Cunknown>\\\\n\"}}'}\n\n    def check_response(self, response: Dict[str, Any]) -> None:\n        \"\"\"\n        Checks that a JSON response from the WebDriver does not have an error.\n    \n        :Args:\n         - response - The JSON response from the WebDriver server as a dictionary\n           object.\n    \n        :Raises: If the response contains an error message.\n        \"\"\"\n        status = response.get(\"status\", None)\n        if not status or status == ErrorCode.SUCCESS:\n            return\n        value = None\n        message = response.get(\"message\", \"\")\n        screen: str = response.get(\"screen\", \"\")\n        stacktrace = None\n        if isinstance(status, int):\n            value_json = response.get(\"value\", None)\n            if value_json and isinstance(value_json, str):\n                import json\n    \n                try:\n                    value = json.loads(value_json)\n                    if len(value.keys()) == 1:\n                        value = value[\"value\"]\n                    status = value.get(\"error\", None)\n                    if not status:\n                        status = value.get(\"status\", ErrorCode.UNKNOWN_ERROR)\n                        message = value.get(\"value\") or value.get(\"message\")\n                        if not isinstance(message, str):\n                            value = message\n                            message = message.get(\"message\")\n                    else:\n                        message = value.get(\"message\", None)\n                except ValueError:\n                    pass\n    \n        exception_class: Type[WebDriverException]\n        if status in ErrorCode.NO_SUCH_ELEMENT:\n            exception_class = NoSuchElementException\n        elif status in ErrorCode.NO_SUCH_FRAME:\n            exception_class = NoSuchFrameException\n        elif status in ErrorCode.NO_SUCH_SHADOW_ROOT:\n            exception_class = NoSuchShadowRootException\n        elif status in ErrorCode.NO_SUCH_WINDOW:\n            exception_class = NoSuchWindowException\n        elif status in ErrorCode.STALE_ELEMENT_REFERENCE:\n            exception_class = StaleElementReferenceException\n        elif status in ErrorCode.ELEMENT_NOT_VISIBLE:\n            exception_class = ElementNotVisibleException\n        elif status in ErrorCode.INVALID_ELEMENT_STATE:\n            exception_class = InvalidElementStateException\n        elif (\n            status in ErrorCode.INVALID_SELECTOR\n            or status in ErrorCode.INVALID_XPATH_SELECTOR\n            or status in ErrorCode.INVALID_XPATH_SELECTOR_RETURN_TYPER\n        ):\n            exception_class = InvalidSelectorException\n        elif status in ErrorCode.ELEMENT_IS_NOT_SELECTABLE:\n            exception_class = ElementNotSelectableException\n        elif status in ErrorCode.ELEMENT_NOT_INTERACTABLE:\n            exception_class = ElementNotInteractableException\n        elif status in ErrorCode.INVALID_COOKIE_DOMAIN:\n            exception_class = InvalidCookieDomainException\n        elif status in ErrorCode.UNABLE_TO_SET_COOKIE:\n            exception_class = UnableToSetCookieException\n        elif status in ErrorCode.TIMEOUT:\n            exception_class = TimeoutException\n        elif status in ErrorCode.SCRIPT_TIMEOUT:\n            exception_class = TimeoutException\n        elif status in ErrorCode.UNKNOWN_ERROR:\n            exception_class = WebDriverException\n        elif status in ErrorCode.UNEXPECTED_ALERT_OPEN:\n            exception_class = UnexpectedAlertPresentException\n        elif status in ErrorCode.NO_ALERT_OPEN:\n            exception_class = NoAlertPresentException\n        elif status in ErrorCode.IME_NOT_AVAILABLE:\n            exception_class = ImeNotAvailableException\n        elif status in ErrorCode.IME_ENGINE_ACTIVATION_FAILED:\n            exception_class = ImeActivationFailedException\n        elif status in ErrorCode.MOVE_TARGET_OUT_OF_BOUNDS:\n            exception_class = MoveTargetOutOfBoundsException\n        elif status in ErrorCode.JAVASCRIPT_ERROR:\n            exception_class = JavascriptException\n        elif status in ErrorCode.SESSION_NOT_CREATED:\n            exception_class = SessionNotCreatedException\n        elif status in ErrorCode.INVALID_ARGUMENT:\n            exception_class = InvalidArgumentException\n        elif status in ErrorCode.NO_SUCH_COOKIE:\n            exception_class = NoSuchCookieException\n        elif status in ErrorCode.UNABLE_TO_CAPTURE_SCREEN:\n            exception_class = ScreenshotException\n        elif status in ErrorCode.ELEMENT_CLICK_INTERCEPTED:\n            exception_class = ElementClickInterceptedException\n        elif status in ErrorCode.INSECURE_CERTIFICATE:\n            exception_class = InsecureCertificateException\n        elif status in ErrorCode.INVALID_COORDINATES:\n            exception_class = InvalidCoordinatesException\n        elif status in ErrorCode.INVALID_SESSION_ID:\n            exception_class = InvalidSessionIdException\n        elif status in ErrorCode.UNKNOWN_METHOD:\n            exception_class = UnknownMethodException\n        else:\n            exception_class = WebDriverException\n        if not value:\n            value = response[\"value\"]\n        if isinstance(value, str):\n            raise exception_class(value)\n        if message == \"\" and \"message\" in value:\n            message = value[\"message\"]\n    \n        screen = None  # type: ignore[assignment]\n        if \"screen\" in value:\n            screen = value[\"screen\"]\n    \n        stacktrace = None\n        st_value = value.get(\"stackTrace\") or value.get(\"stacktrace\")\n        if st_value:\n            if isinstance(st_value, str):\n                stacktrace = st_value.split(\"\\n\")\n            else:\n                stacktrace = []\n                try:\n                    for frame in st_value:\n                        line = frame.get(\"lineNumber\", \"\")\n                        file = frame.get(\"fileName\", \"<anonymous>\")\n                        if line:\n                            file = f\"{file}:{line}\"\n                        meth = frame.get(\"methodName\", \"<anonymous>\")\n                        if \"className\" in frame:\n                            meth = \"{}.{}\".format(frame[\"className\"], meth)\n                        msg = \"    at %s (%s)\"\n                        msg = msg % (meth, file)\n                        stacktrace.append(msg)\n                except TypeError:\n                    pass\n        if exception_class == UnexpectedAlertPresentException:\n            alert_text = None\n            if \"data\" in value:\n                alert_text = value[\"data\"].get(\"text\")\n            elif \"alert\" in value:\n                alert_text = value[\"alert\"].get(\"text\")\n            raise exception_class(message, screen, stacktrace, alert_text)  # type: ignore[call-arg]  # mypy is not smart enough here\n>       raise exception_class(message, screen, stacktrace)\nE       selenium.common.exceptions.WebDriverException: Message: unknown error: Chrome failed to start: exited abnormally.\nE         (unknown error: DevToolsActivePort file doesn't exist)\nE         (The process started from chrome location /usr/bin/google-chrome is no longer running, so ChromeDriver is assuming that Chrome has crashed.)\nE       Stacktrace:\nE       #0 0x55aad3207463 <unknown>\nE       #1 0x55aad2fcb8d8 <unknown>\nE       #2 0x55aad2ff3b6a <unknown>\nE       #3 0x55aad2feec05 <unknown>\nE       #4 0x55aad3032802 <unknown>\nE       #5 0x55aad30322af <unknown>\nE       #6 0x55aad302a443 <unknown>\nE       #7 0x55aad2ffb3c5 <unknown>\nE       #8 0x55aad2ffc531 <unknown>\nE       #9 0x55aad3259dce <unknown>\nE       #10 0x55aad325d192 <unknown>\nE       #11 0x55aad323e93e <unknown>\nE       #12 0x55aad325e103 <unknown>\nE       #13 0x55aad3231d85 <unknown>\nE       #14 0x55aad327f0a8 <unknown>\nE       #15 0x55aad327f239 <unknown>\nE       #16 0x55aad329a492 <unknown>\nE       #17 0x7f1bb9c47b43 <unknown>\n\n.venv/lib/python3.10/site-packages/selenium/webdriver/remote/errorhandler.py:249: WebDriverException","flaky":false,"newFailed":false,"newBroken":false,"newPassed":false,"retriesCount":0,"retriesStatusChange":false,"beforeStages":[{"name":"headless","time":{"start":1669159942100,"stop":1669159942100,"duration":0},"status":"passed","steps":[],"attachments":[],"parameters":[],"stepsCount":0,"attachmentsCount":0,"shouldDisplayMessage":false,"hasContent":false},{"name":"browser","time":{"start":1669159943006,"stop":1669159943818,"duration":812},"status":"broken","statusMessage":"selenium.common.exceptions.WebDriverException: Message: unknown error: Chrome failed to start: exited abnormally.\n  (unknown error: DevToolsActivePort file doesn't exist)\n  (The process started from chrome location /usr/bin/google-chrome is no longer running, so ChromeDriver is assuming that Chrome has crashed.)\nStacktrace:\n#0 0x55aad3207463 <unknown>\n#1 0x55aad2fcb8d8 <unknown>\n#2 0x55aad2ff3b6a <unknown>\n#3 0x55aad2feec05 <unknown>\n#4 0x55aad3032802 <unknown>\n#5 0x55aad30322af <unknown>\n#6 0x55aad302a443 <unknown>\n#7 0x55aad2ffb3c5 <unknown>\n#8 0x55aad2ffc531 <unknown>\n#9 0x55aad3259dce <unknown>\n#10 0x55aad325d192 <unknown>\n#11 0x55aad323e93e <unknown>\n#12 0x55aad325e103 <unknown>\n#13 0x55aad3231d85 <unknown>\n#14 0x55aad327f0a8 <unknown>\n#15 0x55aad327f239 <unknown>\n#16 0x55aad329a492 <unknown>\n#17 0x7f1bb9c47b43 <unknown>\n\n","statusTrace":"  File \"/home/runner/work/Saucedemo_05/Saucedemo_05/.venv/lib/python3.10/site-packages/pluggy/_callers.py\", line 39, in _multicall\n    res = hook_impl.function(*args)\n  File \"/home/runner/work/Saucedemo_05/Saucedemo_05/.venv/lib/python3.10/site-packages/_pytest/fixtures.py\", line 1128, in pytest_fixture_setup\n    result = call_fixture_func(fixturefunc, request, kwargs)\n  File \"/home/runner/work/Saucedemo_05/Saucedemo_05/.venv/lib/python3.10/site-packages/_pytest/fixtures.py\", line 900, in call_fixture_func\n    fixture_result = next(generator)\n  File \"/home/runner/work/Saucedemo_05/Saucedemo_05/conftest.py\", line 17, in browser\n    browser = webdriver.Chrome(ChromeDriverManager().install(), options=options\n  File \"/home/runner/work/Saucedemo_05/Saucedemo_05/.venv/lib/python3.10/site-packages/selenium/webdriver/chrome/webdriver.py\", line 81, in __init__\n    super().__init__(\n  File \"/home/runner/work/Saucedemo_05/Saucedemo_05/.venv/lib/python3.10/site-packages/selenium/webdriver/chromium/webdriver.py\", line 106, in __init__\n    super().__init__(\n  File \"/home/runner/work/Saucedemo_05/Saucedemo_05/.venv/lib/python3.10/site-packages/selenium/webdriver/remote/webdriver.py\", line 288, in __init__\n    self.start_session(capabilities, browser_profile)\n  File \"/home/runner/work/Saucedemo_05/Saucedemo_05/.venv/lib/python3.10/site-packages/selenium/webdriver/remote/webdriver.py\", line 381, in start_session\n    response = self.execute(Command.NEW_SESSION, parameters)\n  File \"/home/runner/work/Saucedemo_05/Saucedemo_05/.venv/lib/python3.10/site-packages/selenium/webdriver/remote/webdriver.py\", line 444, in execute\n    self.error_handler.check_response(response)\n  File \"/home/runner/work/Saucedemo_05/Saucedemo_05/.venv/lib/python3.10/site-packages/selenium/webdriver/remote/errorhandler.py\", line 249, in check_response\n    raise exception_class(message, screen, stacktrace)\n","steps":[],"attachments":[],"parameters":[],"stepsCount":0,"attachmentsCount":0,"shouldDisplayMessage":true,"hasContent":true}],"afterStages":[],"labels":[{"name":"epic","value":"US_004.00"},{"name":"story","value":"TC_004.00.03"},{"name":"parentSuite","value":"tests.test_cart"},{"name":"suite","value":"test_sorting"},{"name":"subSuite","value":"TestCartClass"},{"name":"host","value":"fv-az577-185"},{"name":"thread","value":"2614-MainThread"},{"name":"framework","value":"pytest"},{"name":"language","value":"cpython3"},{"name":"package","value":"tests.test_cart.test_sorting"},{"name":"resultFormat","value":"allure2"}],"parameters":[],"links":[],"hidden":false,"retry":false,"extra":{"severity":"normal","retries":[],"categories":[{"name":"Test defects","matchedStatuses":[],"flaky":false}],"history":{"statistic":{"failed":0,"broken":4,"skipped":0,"passed":0,"unknown":0,"total":4},"items":[{"uid":"6c617498a59e620f","reportUrl":"https://FireDucks05.github.io/Saucedemo_05/70//#testresult/6c617498a59e620f","status":"broken","statusDetails":"selenium.common.exceptions.WebDriverException: Message: unknown error: Chrome failed to start: exited abnormally.\n  (unknown error: DevToolsActivePort file doesn't exist)\n  (The process started from chrome location /usr/bin/google-chrome is no longer running, so ChromeDriver is assuming that Chrome has crashed.)\nStacktrace:\n#0 0x560724e93463 <unknown>\n#1 0x560724c578d8 <unknown>\n#2 0x560724c7fb6a <unknown>\n#3 0x560724c7ac05 <unknown>\n#4 0x560724cbe802 <unknown>\n#5 0x560724cbe2af <unknown>\n#6 0x560724cb6443 <unknown>\n#7 0x560724c873c5 <unknown>\n#8 0x560724c88531 <unknown>\n#9 0x560724ee5dce <unknown>\n#10 0x560724ee9192 <unknown>\n#11 0x560724eca93e <unknown>\n#12 0x560724eea103 <unknown>\n#13 0x560724ebdd85 <unknown>\n#14 0x560724f0b0a8 <unknown>\n#15 0x560724f0b239 <unknown>\n#16 0x560724f26492 <unknown>\n#17 0x7f7bb73b4b43 <unknown>","time":{"start":1669159197054,"stop":1669159197054,"duration":0}},{"uid":"46822c3ed6e24564","reportUrl":"https://FireDucks05.github.io/Saucedemo_05/52//#testresult/46822c3ed6e24564","status":"broken","statusDetails":"selenium.common.exceptions.WebDriverException: Message: unknown error: Chrome failed to start: exited abnormally.\n  (unknown error: DevToolsActivePort file doesn't exist)\n  (The process started from chrome location /usr/bin/google-chrome is no longer running, so ChromeDriver is assuming that Chrome has crashed.)\nStacktrace:\n#0 0x563636831463 <unknown>\n#1 0x5636365f58d8 <unknown>\n#2 0x56363661db6a <unknown>\n#3 0x563636618c05 <unknown>\n#4 0x56363665c802 <unknown>\n#5 0x56363665c2af <unknown>\n#6 0x563636654443 <unknown>\n#7 0x5636366253c5 <unknown>\n#8 0x563636626531 <unknown>\n#9 0x563636883dce <unknown>\n#10 0x563636887192 <unknown>\n#11 0x56363686893e <unknown>\n#12 0x563636888103 <unknown>\n#13 0x56363685bd85 <unknown>\n#14 0x5636368a90a8 <unknown>\n#15 0x5636368a9239 <unknown>\n#16 0x5636368c4492 <unknown>\n#17 0x7ff0f3f90b43 <unknown>","time":{"start":1669086999037,"stop":1669086999037,"duration":0}},{"uid":"cd63b50ecadcca36","reportUrl":"https://FireDucks05.github.io/Saucedemo_05/51//#testresult/cd63b50ecadcca36","status":"broken","statusDetails":"selenium.common.exceptions.WebDriverException: Message: unknown error: Chrome failed to start: exited abnormally.\n  (unknown error: DevToolsActivePort file doesn't exist)\n  (The process started from chrome location /usr/bin/google-chrome is no longer running, so ChromeDriver is assuming that Chrome has crashed.)\nStacktrace:\n#0 0x558dc16ba463 <unknown>\n#1 0x558dc147e8d8 <unknown>\n#2 0x558dc14a6b6a <unknown>\n#3 0x558dc14a1c05 <unknown>\n#4 0x558dc14e5802 <unknown>\n#5 0x558dc14e52af <unknown>\n#6 0x558dc14dd443 <unknown>\n#7 0x558dc14ae3c5 <unknown>\n#8 0x558dc14af531 <unknown>\n#9 0x558dc170cdce <unknown>\n#10 0x558dc1710192 <unknown>\n#11 0x558dc16f193e <unknown>\n#12 0x558dc1711103 <unknown>\n#13 0x558dc16e4d85 <unknown>\n#14 0x558dc17320a8 <unknown>\n#15 0x558dc1732239 <unknown>\n#16 0x558dc174d492 <unknown>\n#17 0x7f640052ab43 <unknown>","time":{"start":1669086359575,"stop":1669086359575,"duration":0}}]},"tags":[]},"source":"fb329d0821c95041.json","parameterValues":[]}