{"uid":"19beeebe20141d2b","name":"Sort products DESC price","fullName":"tests.test_cart.test_sorting.TestCartClass#test_sorting_desc","historyId":"f1b78f14e16b5c82891edf266332e630","time":{"start":1669160854971,"stop":1669160854971,"duration":0},"status":"broken","statusMessage":"selenium.common.exceptions.WebDriverException: Message: unknown error: Chrome failed to start: exited abnormally.\n  (unknown error: DevToolsActivePort file doesn't exist)\n  (The process started from chrome location /usr/bin/google-chrome is no longer running, so ChromeDriver is assuming that Chrome has crashed.)\nStacktrace:\n#0 0x55d4f0124463 <unknown>\n#1 0x55d4efee88d8 <unknown>\n#2 0x55d4eff10b6a <unknown>\n#3 0x55d4eff0bc05 <unknown>\n#4 0x55d4eff4f802 <unknown>\n#5 0x55d4eff4f2af <unknown>\n#6 0x55d4eff47443 <unknown>\n#7 0x55d4eff183c5 <unknown>\n#8 0x55d4eff19531 <unknown>\n#9 0x55d4f0176dce <unknown>\n#10 0x55d4f017a192 <unknown>\n#11 0x55d4f015b93e <unknown>\n#12 0x55d4f017b103 <unknown>\n#13 0x55d4f014ed85 <unknown>\n#14 0x55d4f019c0a8 <unknown>\n#15 0x55d4f019c239 <unknown>\n#16 0x55d4f01b7492 <unknown>\n#17 0x7f6a671d3b43 <unknown>","statusTrace":"request = <SubRequest 'browser' for <Function test_sorting_desc>>\nheadless = False\n\n    @pytest.fixture(autouse=True)\n    def browser(request, headless):\n        options = webdriver.ChromeOptions()\n        options.headless = headless\n        logging.info('start logs')\n>       browser = webdriver.Chrome(ChromeDriverManager().install(), options=options\n        )\n\nconftest.py:13: \n_ _ _ _ _ _ _ _ _ _ _ _ _ _ _ _ _ _ _ _ _ _ _ _ _ _ _ _ _ _ _ _ _ _ _ _ _ _ _ _ \n.venv/lib/python3.10/site-packages/selenium/webdriver/chrome/webdriver.py:81: in __init__\n    super().__init__(\n.venv/lib/python3.10/site-packages/selenium/webdriver/chromium/webdriver.py:106: in __init__\n    super().__init__(\n.venv/lib/python3.10/site-packages/selenium/webdriver/remote/webdriver.py:288: in __init__\n    self.start_session(capabilities, browser_profile)\n.venv/lib/python3.10/site-packages/selenium/webdriver/remote/webdriver.py:381: in start_session\n    response = self.execute(Command.NEW_SESSION, parameters)\n.venv/lib/python3.10/site-packages/selenium/webdriver/remote/webdriver.py:444: in execute\n    self.error_handler.check_response(response)\n_ _ _ _ _ _ _ _ _ _ _ _ _ _ _ _ _ _ _ _ _ _ _ _ _ _ _ _ _ _ _ _ _ _ _ _ _ _ _ _ \n\nself = <selenium.webdriver.remote.errorhandler.ErrorHandler object at 0x7f212b50f460>\nresponse = {'status': 500, 'value': '{\"value\":{\"error\":\"unknown error\",\"message\":\"unknown error: Chrome failed to start: exited a...\\\\n#15 0x55d4f019c239 \\\\u003Cunknown>\\\\n#16 0x55d4f01b7492 \\\\u003Cunknown>\\\\n#17 0x7f6a671d3b43 \\\\u003Cunknown>\\\\n\"}}'}\n\n    def check_response(self, response: Dict[str, Any]) -> None:\n        \"\"\"\n        Checks that a JSON response from the WebDriver does not have an error.\n    \n        :Args:\n         - response - The JSON response from the WebDriver server as a dictionary\n           object.\n    \n        :Raises: If the response contains an error message.\n        \"\"\"\n        status = response.get(\"status\", None)\n        if not status or status == ErrorCode.SUCCESS:\n            return\n        value = None\n        message = response.get(\"message\", \"\")\n        screen: str = response.get(\"screen\", \"\")\n        stacktrace = None\n        if isinstance(status, int):\n            value_json = response.get(\"value\", None)\n            if value_json and isinstance(value_json, str):\n                import json\n    \n                try:\n                    value = json.loads(value_json)\n                    if len(value.keys()) == 1:\n                        value = value[\"value\"]\n                    status = value.get(\"error\", None)\n                    if not status:\n                        status = value.get(\"status\", ErrorCode.UNKNOWN_ERROR)\n                        message = value.get(\"value\") or value.get(\"message\")\n                        if not isinstance(message, str):\n                            value = message\n                            message = message.get(\"message\")\n                    else:\n                        message = value.get(\"message\", None)\n                except ValueError:\n                    pass\n    \n        exception_class: Type[WebDriverException]\n        if status in ErrorCode.NO_SUCH_ELEMENT:\n            exception_class = NoSuchElementException\n        elif status in ErrorCode.NO_SUCH_FRAME:\n            exception_class = NoSuchFrameException\n        elif status in ErrorCode.NO_SUCH_SHADOW_ROOT:\n            exception_class = NoSuchShadowRootException\n        elif status in ErrorCode.NO_SUCH_WINDOW:\n            exception_class = NoSuchWindowException\n        elif status in ErrorCode.STALE_ELEMENT_REFERENCE:\n            exception_class = StaleElementReferenceException\n        elif status in ErrorCode.ELEMENT_NOT_VISIBLE:\n            exception_class = ElementNotVisibleException\n        elif status in ErrorCode.INVALID_ELEMENT_STATE:\n            exception_class = InvalidElementStateException\n        elif (\n            status in ErrorCode.INVALID_SELECTOR\n            or status in ErrorCode.INVALID_XPATH_SELECTOR\n            or status in ErrorCode.INVALID_XPATH_SELECTOR_RETURN_TYPER\n        ):\n            exception_class = InvalidSelectorException\n        elif status in ErrorCode.ELEMENT_IS_NOT_SELECTABLE:\n            exception_class = ElementNotSelectableException\n        elif status in ErrorCode.ELEMENT_NOT_INTERACTABLE:\n            exception_class = ElementNotInteractableException\n        elif status in ErrorCode.INVALID_COOKIE_DOMAIN:\n            exception_class = InvalidCookieDomainException\n        elif status in ErrorCode.UNABLE_TO_SET_COOKIE:\n            exception_class = UnableToSetCookieException\n        elif status in ErrorCode.TIMEOUT:\n            exception_class = TimeoutException\n        elif status in ErrorCode.SCRIPT_TIMEOUT:\n            exception_class = TimeoutException\n        elif status in ErrorCode.UNKNOWN_ERROR:\n            exception_class = WebDriverException\n        elif status in ErrorCode.UNEXPECTED_ALERT_OPEN:\n            exception_class = UnexpectedAlertPresentException\n        elif status in ErrorCode.NO_ALERT_OPEN:\n            exception_class = NoAlertPresentException\n        elif status in ErrorCode.IME_NOT_AVAILABLE:\n            exception_class = ImeNotAvailableException\n        elif status in ErrorCode.IME_ENGINE_ACTIVATION_FAILED:\n            exception_class = ImeActivationFailedException\n        elif status in ErrorCode.MOVE_TARGET_OUT_OF_BOUNDS:\n            exception_class = MoveTargetOutOfBoundsException\n        elif status in ErrorCode.JAVASCRIPT_ERROR:\n            exception_class = JavascriptException\n        elif status in ErrorCode.SESSION_NOT_CREATED:\n            exception_class = SessionNotCreatedException\n        elif status in ErrorCode.INVALID_ARGUMENT:\n            exception_class = InvalidArgumentException\n        elif status in ErrorCode.NO_SUCH_COOKIE:\n            exception_class = NoSuchCookieException\n        elif status in ErrorCode.UNABLE_TO_CAPTURE_SCREEN:\n            exception_class = ScreenshotException\n        elif status in ErrorCode.ELEMENT_CLICK_INTERCEPTED:\n            exception_class = ElementClickInterceptedException\n        elif status in ErrorCode.INSECURE_CERTIFICATE:\n            exception_class = InsecureCertificateException\n        elif status in ErrorCode.INVALID_COORDINATES:\n            exception_class = InvalidCoordinatesException\n        elif status in ErrorCode.INVALID_SESSION_ID:\n            exception_class = InvalidSessionIdException\n        elif status in ErrorCode.UNKNOWN_METHOD:\n            exception_class = UnknownMethodException\n        else:\n            exception_class = WebDriverException\n        if not value:\n            value = response[\"value\"]\n        if isinstance(value, str):\n            raise exception_class(value)\n        if message == \"\" and \"message\" in value:\n            message = value[\"message\"]\n    \n        screen = None  # type: ignore[assignment]\n        if \"screen\" in value:\n            screen = value[\"screen\"]\n    \n        stacktrace = None\n        st_value = value.get(\"stackTrace\") or value.get(\"stacktrace\")\n        if st_value:\n            if isinstance(st_value, str):\n                stacktrace = st_value.split(\"\\n\")\n            else:\n                stacktrace = []\n                try:\n                    for frame in st_value:\n                        line = frame.get(\"lineNumber\", \"\")\n                        file = frame.get(\"fileName\", \"<anonymous>\")\n                        if line:\n                            file = f\"{file}:{line}\"\n                        meth = frame.get(\"methodName\", \"<anonymous>\")\n                        if \"className\" in frame:\n                            meth = \"{}.{}\".format(frame[\"className\"], meth)\n                        msg = \"    at %s (%s)\"\n                        msg = msg % (meth, file)\n                        stacktrace.append(msg)\n                except TypeError:\n                    pass\n        if exception_class == UnexpectedAlertPresentException:\n            alert_text = None\n            if \"data\" in value:\n                alert_text = value[\"data\"].get(\"text\")\n            elif \"alert\" in value:\n                alert_text = value[\"alert\"].get(\"text\")\n            raise exception_class(message, screen, stacktrace, alert_text)  # type: ignore[call-arg]  # mypy is not smart enough here\n>       raise exception_class(message, screen, stacktrace)\nE       selenium.common.exceptions.WebDriverException: Message: unknown error: Chrome failed to start: exited abnormally.\nE         (unknown error: DevToolsActivePort file doesn't exist)\nE         (The process started from chrome location /usr/bin/google-chrome is no longer running, so ChromeDriver is assuming that Chrome has crashed.)\nE       Stacktrace:\nE       #0 0x55d4f0124463 <unknown>\nE       #1 0x55d4efee88d8 <unknown>\nE       #2 0x55d4eff10b6a <unknown>\nE       #3 0x55d4eff0bc05 <unknown>\nE       #4 0x55d4eff4f802 <unknown>\nE       #5 0x55d4eff4f2af <unknown>\nE       #6 0x55d4eff47443 <unknown>\nE       #7 0x55d4eff183c5 <unknown>\nE       #8 0x55d4eff19531 <unknown>\nE       #9 0x55d4f0176dce <unknown>\nE       #10 0x55d4f017a192 <unknown>\nE       #11 0x55d4f015b93e <unknown>\nE       #12 0x55d4f017b103 <unknown>\nE       #13 0x55d4f014ed85 <unknown>\nE       #14 0x55d4f019c0a8 <unknown>\nE       #15 0x55d4f019c239 <unknown>\nE       #16 0x55d4f01b7492 <unknown>\nE       #17 0x7f6a671d3b43 <unknown>\n\n.venv/lib/python3.10/site-packages/selenium/webdriver/remote/errorhandler.py:249: WebDriverException","flaky":false,"newFailed":false,"newBroken":false,"newPassed":false,"retriesCount":0,"retriesStatusChange":false,"beforeStages":[{"name":"headless","time":{"start":1669160852469,"stop":1669160852469,"duration":0},"status":"passed","steps":[],"attachments":[],"parameters":[],"stepsCount":0,"attachmentsCount":0,"shouldDisplayMessage":false,"hasContent":false},{"name":"browser","time":{"start":1669160854971,"stop":1669160855764,"duration":793},"status":"broken","statusMessage":"selenium.common.exceptions.WebDriverException: Message: unknown error: Chrome failed to start: exited abnormally.\n  (unknown error: DevToolsActivePort file doesn't exist)\n  (The process started from chrome location /usr/bin/google-chrome is no longer running, so ChromeDriver is assuming that Chrome has crashed.)\nStacktrace:\n#0 0x55d4f0124463 <unknown>\n#1 0x55d4efee88d8 <unknown>\n#2 0x55d4eff10b6a <unknown>\n#3 0x55d4eff0bc05 <unknown>\n#4 0x55d4eff4f802 <unknown>\n#5 0x55d4eff4f2af <unknown>\n#6 0x55d4eff47443 <unknown>\n#7 0x55d4eff183c5 <unknown>\n#8 0x55d4eff19531 <unknown>\n#9 0x55d4f0176dce <unknown>\n#10 0x55d4f017a192 <unknown>\n#11 0x55d4f015b93e <unknown>\n#12 0x55d4f017b103 <unknown>\n#13 0x55d4f014ed85 <unknown>\n#14 0x55d4f019c0a8 <unknown>\n#15 0x55d4f019c239 <unknown>\n#16 0x55d4f01b7492 <unknown>\n#17 0x7f6a671d3b43 <unknown>\n\n","statusTrace":"  File \"/home/runner/work/Saucedemo_05/Saucedemo_05/.venv/lib/python3.10/site-packages/pluggy/_callers.py\", line 39, in _multicall\n    res = hook_impl.function(*args)\n  File \"/home/runner/work/Saucedemo_05/Saucedemo_05/.venv/lib/python3.10/site-packages/_pytest/fixtures.py\", line 1128, in pytest_fixture_setup\n    result = call_fixture_func(fixturefunc, request, kwargs)\n  File \"/home/runner/work/Saucedemo_05/Saucedemo_05/.venv/lib/python3.10/site-packages/_pytest/fixtures.py\", line 900, in call_fixture_func\n    fixture_result = next(generator)\n  File \"/home/runner/work/Saucedemo_05/Saucedemo_05/conftest.py\", line 13, in browser\n    browser = webdriver.Chrome(ChromeDriverManager().install(), options=options\n  File \"/home/runner/work/Saucedemo_05/Saucedemo_05/.venv/lib/python3.10/site-packages/selenium/webdriver/chrome/webdriver.py\", line 81, in __init__\n    super().__init__(\n  File \"/home/runner/work/Saucedemo_05/Saucedemo_05/.venv/lib/python3.10/site-packages/selenium/webdriver/chromium/webdriver.py\", line 106, in __init__\n    super().__init__(\n  File \"/home/runner/work/Saucedemo_05/Saucedemo_05/.venv/lib/python3.10/site-packages/selenium/webdriver/remote/webdriver.py\", line 288, in __init__\n    self.start_session(capabilities, browser_profile)\n  File \"/home/runner/work/Saucedemo_05/Saucedemo_05/.venv/lib/python3.10/site-packages/selenium/webdriver/remote/webdriver.py\", line 381, in start_session\n    response = self.execute(Command.NEW_SESSION, parameters)\n  File \"/home/runner/work/Saucedemo_05/Saucedemo_05/.venv/lib/python3.10/site-packages/selenium/webdriver/remote/webdriver.py\", line 444, in execute\n    self.error_handler.check_response(response)\n  File \"/home/runner/work/Saucedemo_05/Saucedemo_05/.venv/lib/python3.10/site-packages/selenium/webdriver/remote/errorhandler.py\", line 249, in check_response\n    raise exception_class(message, screen, stacktrace)\n","steps":[],"attachments":[],"parameters":[],"stepsCount":0,"attachmentsCount":0,"shouldDisplayMessage":true,"hasContent":true}],"afterStages":[],"labels":[{"name":"epic","value":"US_004.00"},{"name":"story","value":"TC_004.00.04"},{"name":"parentSuite","value":"tests.test_cart"},{"name":"suite","value":"test_sorting"},{"name":"subSuite","value":"TestCartClass"},{"name":"host","value":"fv-az280-42"},{"name":"thread","value":"2600-MainThread"},{"name":"framework","value":"pytest"},{"name":"language","value":"cpython3"},{"name":"package","value":"tests.test_cart.test_sorting"},{"name":"resultFormat","value":"allure2"}],"parameters":[],"links":[],"hidden":false,"retry":false,"extra":{"severity":"normal","retries":[],"categories":[{"name":"Test defects","matchedStatuses":[],"flaky":false}],"history":{"statistic":{"failed":0,"broken":5,"skipped":0,"passed":0,"unknown":0,"total":5},"items":[{"uid":"756a84794844d44c","reportUrl":"https://FireDucks05.github.io/Saucedemo_05/71//#testresult/756a84794844d44c","status":"broken","statusDetails":"selenium.common.exceptions.WebDriverException: Message: unknown error: Chrome failed to start: exited abnormally.\n  (unknown error: DevToolsActivePort file doesn't exist)\n  (The process started from chrome location /usr/bin/google-chrome is no longer running, so ChromeDriver is assuming that Chrome has crashed.)\nStacktrace:\n#0 0x564289945463 <unknown>\n#1 0x5642897098d8 <unknown>\n#2 0x564289731b6a <unknown>\n#3 0x56428972cc05 <unknown>\n#4 0x564289770802 <unknown>\n#5 0x5642897702af <unknown>\n#6 0x564289768443 <unknown>\n#7 0x5642897393c5 <unknown>\n#8 0x56428973a531 <unknown>\n#9 0x564289997dce <unknown>\n#10 0x56428999b192 <unknown>\n#11 0x56428997c93e <unknown>\n#12 0x56428999c103 <unknown>\n#13 0x56428996fd85 <unknown>\n#14 0x5642899bd0a8 <unknown>\n#15 0x5642899bd239 <unknown>\n#16 0x5642899d8492 <unknown>\n#17 0x7f984fe14b43 <unknown>","time":{"start":1669159943096,"stop":1669159943096,"duration":0}},{"uid":"3d2176bcc0227965","reportUrl":"https://FireDucks05.github.io/Saucedemo_05/70//#testresult/3d2176bcc0227965","status":"broken","statusDetails":"selenium.common.exceptions.WebDriverException: Message: unknown error: Chrome failed to start: exited abnormally.\n  (unknown error: DevToolsActivePort file doesn't exist)\n  (The process started from chrome location /usr/bin/google-chrome is no longer running, so ChromeDriver is assuming that Chrome has crashed.)\nStacktrace:\n#0 0x5631cfe76463 <unknown>\n#1 0x5631cfc3a8d8 <unknown>\n#2 0x5631cfc62b6a <unknown>\n#3 0x5631cfc5dc05 <unknown>\n#4 0x5631cfca1802 <unknown>\n#5 0x5631cfca12af <unknown>\n#6 0x5631cfc99443 <unknown>\n#7 0x5631cfc6a3c5 <unknown>\n#8 0x5631cfc6b531 <unknown>\n#9 0x5631cfec8dce <unknown>\n#10 0x5631cfecc192 <unknown>\n#11 0x5631cfead93e <unknown>\n#12 0x5631cfecd103 <unknown>\n#13 0x5631cfea0d85 <unknown>\n#14 0x5631cfeee0a8 <unknown>\n#15 0x5631cfeee239 <unknown>\n#16 0x5631cff09492 <unknown>\n#17 0x7fae54606b43 <unknown>","time":{"start":1669159197124,"stop":1669159197124,"duration":0}},{"uid":"3c796f73546890a9","reportUrl":"https://FireDucks05.github.io/Saucedemo_05/52//#testresult/3c796f73546890a9","status":"broken","statusDetails":"selenium.common.exceptions.WebDriverException: Message: unknown error: Chrome failed to start: exited abnormally.\n  (unknown error: DevToolsActivePort file doesn't exist)\n  (The process started from chrome location /usr/bin/google-chrome is no longer running, so ChromeDriver is assuming that Chrome has crashed.)\nStacktrace:\n#0 0x56229642f463 <unknown>\n#1 0x5622961f38d8 <unknown>\n#2 0x56229621bb6a <unknown>\n#3 0x562296216c05 <unknown>\n#4 0x56229625a802 <unknown>\n#5 0x56229625a2af <unknown>\n#6 0x562296252443 <unknown>\n#7 0x5622962233c5 <unknown>\n#8 0x562296224531 <unknown>\n#9 0x562296481dce <unknown>\n#10 0x562296485192 <unknown>\n#11 0x56229646693e <unknown>\n#12 0x562296486103 <unknown>\n#13 0x562296459d85 <unknown>\n#14 0x5622964a70a8 <unknown>\n#15 0x5622964a7239 <unknown>\n#16 0x5622964c2492 <unknown>\n#17 0x7f0f733c3b43 <unknown>","time":{"start":1669086999857,"stop":1669086999857,"duration":0}},{"uid":"31aa3c17591eb61e","reportUrl":"https://FireDucks05.github.io/Saucedemo_05/51//#testresult/31aa3c17591eb61e","status":"broken","statusDetails":"selenium.common.exceptions.WebDriverException: Message: unknown error: Chrome failed to start: exited abnormally.\n  (unknown error: DevToolsActivePort file doesn't exist)\n  (The process started from chrome location /usr/bin/google-chrome is no longer running, so ChromeDriver is assuming that Chrome has crashed.)\nStacktrace:\n#0 0x56419d19f463 <unknown>\n#1 0x56419cf638d8 <unknown>\n#2 0x56419cf8bb6a <unknown>\n#3 0x56419cf86c05 <unknown>\n#4 0x56419cfca802 <unknown>\n#5 0x56419cfca2af <unknown>\n#6 0x56419cfc2443 <unknown>\n#7 0x56419cf933c5 <unknown>\n#8 0x56419cf94531 <unknown>\n#9 0x56419d1f1dce <unknown>\n#10 0x56419d1f5192 <unknown>\n#11 0x56419d1d693e <unknown>\n#12 0x56419d1f6103 <unknown>\n#13 0x56419d1c9d85 <unknown>\n#14 0x56419d2170a8 <unknown>\n#15 0x56419d217239 <unknown>\n#16 0x56419d232492 <unknown>\n#17 0x7f1d63288b43 <unknown>","time":{"start":1669086360419,"stop":1669086360419,"duration":0}}]},"tags":[]},"source":"19beeebe20141d2b.json","parameterValues":[]}