{"uid":"2fc73684dfb74fa1","name":"Sort products Z-A","fullName":"tests.test_cart.test_sorting.TestCartClass#test_sorting_za","historyId":"64f2c23f1bded3489bcaa209c276db6e","time":{"start":1669160853307,"stop":1669160853307,"duration":0},"status":"broken","statusMessage":"selenium.common.exceptions.WebDriverException: Message: unknown error: Chrome failed to start: exited abnormally.\n  (unknown error: DevToolsActivePort file doesn't exist)\n  (The process started from chrome location /usr/bin/google-chrome is no longer running, so ChromeDriver is assuming that Chrome has crashed.)\nStacktrace:\n#0 0x55ca81547463 <unknown>\n#1 0x55ca8130b8d8 <unknown>\n#2 0x55ca81333b6a <unknown>\n#3 0x55ca8132ec05 <unknown>\n#4 0x55ca81372802 <unknown>\n#5 0x55ca813722af <unknown>\n#6 0x55ca8136a443 <unknown>\n#7 0x55ca8133b3c5 <unknown>\n#8 0x55ca8133c531 <unknown>\n#9 0x55ca81599dce <unknown>\n#10 0x55ca8159d192 <unknown>\n#11 0x55ca8157e93e <unknown>\n#12 0x55ca8159e103 <unknown>\n#13 0x55ca81571d85 <unknown>\n#14 0x55ca815bf0a8 <unknown>\n#15 0x55ca815bf239 <unknown>\n#16 0x55ca815da492 <unknown>\n#17 0x7fac9993fb43 <unknown>","statusTrace":"request = <SubRequest 'browser' for <Function test_sorting_za>>\nheadless = False\n\n    @pytest.fixture(autouse=True)\n    def browser(request, headless):\n        options = webdriver.ChromeOptions()\n        options.headless = headless\n        logging.info('start logs')\n>       browser = webdriver.Chrome(ChromeDriverManager().install(), options=options\n        )\n\nconftest.py:13: \n_ _ _ _ _ _ _ _ _ _ _ _ _ _ _ _ _ _ _ _ _ _ _ _ _ _ _ _ _ _ _ _ _ _ _ _ _ _ _ _ \n.venv/lib/python3.10/site-packages/selenium/webdriver/chrome/webdriver.py:81: in __init__\n    super().__init__(\n.venv/lib/python3.10/site-packages/selenium/webdriver/chromium/webdriver.py:106: in __init__\n    super().__init__(\n.venv/lib/python3.10/site-packages/selenium/webdriver/remote/webdriver.py:288: in __init__\n    self.start_session(capabilities, browser_profile)\n.venv/lib/python3.10/site-packages/selenium/webdriver/remote/webdriver.py:381: in start_session\n    response = self.execute(Command.NEW_SESSION, parameters)\n.venv/lib/python3.10/site-packages/selenium/webdriver/remote/webdriver.py:444: in execute\n    self.error_handler.check_response(response)\n_ _ _ _ _ _ _ _ _ _ _ _ _ _ _ _ _ _ _ _ _ _ _ _ _ _ _ _ _ _ _ _ _ _ _ _ _ _ _ _ \n\nself = <selenium.webdriver.remote.errorhandler.ErrorHandler object at 0x7f212c5c4ee0>\nresponse = {'status': 500, 'value': '{\"value\":{\"error\":\"unknown error\",\"message\":\"unknown error: Chrome failed to start: exited a...\\\\n#15 0x55ca815bf239 \\\\u003Cunknown>\\\\n#16 0x55ca815da492 \\\\u003Cunknown>\\\\n#17 0x7fac9993fb43 \\\\u003Cunknown>\\\\n\"}}'}\n\n    def check_response(self, response: Dict[str, Any]) -> None:\n        \"\"\"\n        Checks that a JSON response from the WebDriver does not have an error.\n    \n        :Args:\n         - response - The JSON response from the WebDriver server as a dictionary\n           object.\n    \n        :Raises: If the response contains an error message.\n        \"\"\"\n        status = response.get(\"status\", None)\n        if not status or status == ErrorCode.SUCCESS:\n            return\n        value = None\n        message = response.get(\"message\", \"\")\n        screen: str = response.get(\"screen\", \"\")\n        stacktrace = None\n        if isinstance(status, int):\n            value_json = response.get(\"value\", None)\n            if value_json and isinstance(value_json, str):\n                import json\n    \n                try:\n                    value = json.loads(value_json)\n                    if len(value.keys()) == 1:\n                        value = value[\"value\"]\n                    status = value.get(\"error\", None)\n                    if not status:\n                        status = value.get(\"status\", ErrorCode.UNKNOWN_ERROR)\n                        message = value.get(\"value\") or value.get(\"message\")\n                        if not isinstance(message, str):\n                            value = message\n                            message = message.get(\"message\")\n                    else:\n                        message = value.get(\"message\", None)\n                except ValueError:\n                    pass\n    \n        exception_class: Type[WebDriverException]\n        if status in ErrorCode.NO_SUCH_ELEMENT:\n            exception_class = NoSuchElementException\n        elif status in ErrorCode.NO_SUCH_FRAME:\n            exception_class = NoSuchFrameException\n        elif status in ErrorCode.NO_SUCH_SHADOW_ROOT:\n            exception_class = NoSuchShadowRootException\n        elif status in ErrorCode.NO_SUCH_WINDOW:\n            exception_class = NoSuchWindowException\n        elif status in ErrorCode.STALE_ELEMENT_REFERENCE:\n            exception_class = StaleElementReferenceException\n        elif status in ErrorCode.ELEMENT_NOT_VISIBLE:\n            exception_class = ElementNotVisibleException\n        elif status in ErrorCode.INVALID_ELEMENT_STATE:\n            exception_class = InvalidElementStateException\n        elif (\n            status in ErrorCode.INVALID_SELECTOR\n            or status in ErrorCode.INVALID_XPATH_SELECTOR\n            or status in ErrorCode.INVALID_XPATH_SELECTOR_RETURN_TYPER\n        ):\n            exception_class = InvalidSelectorException\n        elif status in ErrorCode.ELEMENT_IS_NOT_SELECTABLE:\n            exception_class = ElementNotSelectableException\n        elif status in ErrorCode.ELEMENT_NOT_INTERACTABLE:\n            exception_class = ElementNotInteractableException\n        elif status in ErrorCode.INVALID_COOKIE_DOMAIN:\n            exception_class = InvalidCookieDomainException\n        elif status in ErrorCode.UNABLE_TO_SET_COOKIE:\n            exception_class = UnableToSetCookieException\n        elif status in ErrorCode.TIMEOUT:\n            exception_class = TimeoutException\n        elif status in ErrorCode.SCRIPT_TIMEOUT:\n            exception_class = TimeoutException\n        elif status in ErrorCode.UNKNOWN_ERROR:\n            exception_class = WebDriverException\n        elif status in ErrorCode.UNEXPECTED_ALERT_OPEN:\n            exception_class = UnexpectedAlertPresentException\n        elif status in ErrorCode.NO_ALERT_OPEN:\n            exception_class = NoAlertPresentException\n        elif status in ErrorCode.IME_NOT_AVAILABLE:\n            exception_class = ImeNotAvailableException\n        elif status in ErrorCode.IME_ENGINE_ACTIVATION_FAILED:\n            exception_class = ImeActivationFailedException\n        elif status in ErrorCode.MOVE_TARGET_OUT_OF_BOUNDS:\n            exception_class = MoveTargetOutOfBoundsException\n        elif status in ErrorCode.JAVASCRIPT_ERROR:\n            exception_class = JavascriptException\n        elif status in ErrorCode.SESSION_NOT_CREATED:\n            exception_class = SessionNotCreatedException\n        elif status in ErrorCode.INVALID_ARGUMENT:\n            exception_class = InvalidArgumentException\n        elif status in ErrorCode.NO_SUCH_COOKIE:\n            exception_class = NoSuchCookieException\n        elif status in ErrorCode.UNABLE_TO_CAPTURE_SCREEN:\n            exception_class = ScreenshotException\n        elif status in ErrorCode.ELEMENT_CLICK_INTERCEPTED:\n            exception_class = ElementClickInterceptedException\n        elif status in ErrorCode.INSECURE_CERTIFICATE:\n            exception_class = InsecureCertificateException\n        elif status in ErrorCode.INVALID_COORDINATES:\n            exception_class = InvalidCoordinatesException\n        elif status in ErrorCode.INVALID_SESSION_ID:\n            exception_class = InvalidSessionIdException\n        elif status in ErrorCode.UNKNOWN_METHOD:\n            exception_class = UnknownMethodException\n        else:\n            exception_class = WebDriverException\n        if not value:\n            value = response[\"value\"]\n        if isinstance(value, str):\n            raise exception_class(value)\n        if message == \"\" and \"message\" in value:\n            message = value[\"message\"]\n    \n        screen = None  # type: ignore[assignment]\n        if \"screen\" in value:\n            screen = value[\"screen\"]\n    \n        stacktrace = None\n        st_value = value.get(\"stackTrace\") or value.get(\"stacktrace\")\n        if st_value:\n            if isinstance(st_value, str):\n                stacktrace = st_value.split(\"\\n\")\n            else:\n                stacktrace = []\n                try:\n                    for frame in st_value:\n                        line = frame.get(\"lineNumber\", \"\")\n                        file = frame.get(\"fileName\", \"<anonymous>\")\n                        if line:\n                            file = f\"{file}:{line}\"\n                        meth = frame.get(\"methodName\", \"<anonymous>\")\n                        if \"className\" in frame:\n                            meth = \"{}.{}\".format(frame[\"className\"], meth)\n                        msg = \"    at %s (%s)\"\n                        msg = msg % (meth, file)\n                        stacktrace.append(msg)\n                except TypeError:\n                    pass\n        if exception_class == UnexpectedAlertPresentException:\n            alert_text = None\n            if \"data\" in value:\n                alert_text = value[\"data\"].get(\"text\")\n            elif \"alert\" in value:\n                alert_text = value[\"alert\"].get(\"text\")\n            raise exception_class(message, screen, stacktrace, alert_text)  # type: ignore[call-arg]  # mypy is not smart enough here\n>       raise exception_class(message, screen, stacktrace)\nE       selenium.common.exceptions.WebDriverException: Message: unknown error: Chrome failed to start: exited abnormally.\nE         (unknown error: DevToolsActivePort file doesn't exist)\nE         (The process started from chrome location /usr/bin/google-chrome is no longer running, so ChromeDriver is assuming that Chrome has crashed.)\nE       Stacktrace:\nE       #0 0x55ca81547463 <unknown>\nE       #1 0x55ca8130b8d8 <unknown>\nE       #2 0x55ca81333b6a <unknown>\nE       #3 0x55ca8132ec05 <unknown>\nE       #4 0x55ca81372802 <unknown>\nE       #5 0x55ca813722af <unknown>\nE       #6 0x55ca8136a443 <unknown>\nE       #7 0x55ca8133b3c5 <unknown>\nE       #8 0x55ca8133c531 <unknown>\nE       #9 0x55ca81599dce <unknown>\nE       #10 0x55ca8159d192 <unknown>\nE       #11 0x55ca8157e93e <unknown>\nE       #12 0x55ca8159e103 <unknown>\nE       #13 0x55ca81571d85 <unknown>\nE       #14 0x55ca815bf0a8 <unknown>\nE       #15 0x55ca815bf239 <unknown>\nE       #16 0x55ca815da492 <unknown>\nE       #17 0x7fac9993fb43 <unknown>\n\n.venv/lib/python3.10/site-packages/selenium/webdriver/remote/errorhandler.py:249: WebDriverException","flaky":false,"newFailed":false,"newBroken":false,"newPassed":false,"retriesCount":0,"retriesStatusChange":false,"beforeStages":[{"name":"headless","time":{"start":1669160852469,"stop":1669160852469,"duration":0},"status":"passed","steps":[],"attachments":[],"parameters":[],"stepsCount":0,"attachmentsCount":0,"shouldDisplayMessage":false,"hasContent":false},{"name":"browser","time":{"start":1669160853307,"stop":1669160854097,"duration":790},"status":"broken","statusMessage":"selenium.common.exceptions.WebDriverException: Message: unknown error: Chrome failed to start: exited abnormally.\n  (unknown error: DevToolsActivePort file doesn't exist)\n  (The process started from chrome location /usr/bin/google-chrome is no longer running, so ChromeDriver is assuming that Chrome has crashed.)\nStacktrace:\n#0 0x55ca81547463 <unknown>\n#1 0x55ca8130b8d8 <unknown>\n#2 0x55ca81333b6a <unknown>\n#3 0x55ca8132ec05 <unknown>\n#4 0x55ca81372802 <unknown>\n#5 0x55ca813722af <unknown>\n#6 0x55ca8136a443 <unknown>\n#7 0x55ca8133b3c5 <unknown>\n#8 0x55ca8133c531 <unknown>\n#9 0x55ca81599dce <unknown>\n#10 0x55ca8159d192 <unknown>\n#11 0x55ca8157e93e <unknown>\n#12 0x55ca8159e103 <unknown>\n#13 0x55ca81571d85 <unknown>\n#14 0x55ca815bf0a8 <unknown>\n#15 0x55ca815bf239 <unknown>\n#16 0x55ca815da492 <unknown>\n#17 0x7fac9993fb43 <unknown>\n\n","statusTrace":"  File \"/home/runner/work/Saucedemo_05/Saucedemo_05/.venv/lib/python3.10/site-packages/pluggy/_callers.py\", line 39, in _multicall\n    res = hook_impl.function(*args)\n  File \"/home/runner/work/Saucedemo_05/Saucedemo_05/.venv/lib/python3.10/site-packages/_pytest/fixtures.py\", line 1128, in pytest_fixture_setup\n    result = call_fixture_func(fixturefunc, request, kwargs)\n  File \"/home/runner/work/Saucedemo_05/Saucedemo_05/.venv/lib/python3.10/site-packages/_pytest/fixtures.py\", line 900, in call_fixture_func\n    fixture_result = next(generator)\n  File \"/home/runner/work/Saucedemo_05/Saucedemo_05/conftest.py\", line 13, in browser\n    browser = webdriver.Chrome(ChromeDriverManager().install(), options=options\n  File \"/home/runner/work/Saucedemo_05/Saucedemo_05/.venv/lib/python3.10/site-packages/selenium/webdriver/chrome/webdriver.py\", line 81, in __init__\n    super().__init__(\n  File \"/home/runner/work/Saucedemo_05/Saucedemo_05/.venv/lib/python3.10/site-packages/selenium/webdriver/chromium/webdriver.py\", line 106, in __init__\n    super().__init__(\n  File \"/home/runner/work/Saucedemo_05/Saucedemo_05/.venv/lib/python3.10/site-packages/selenium/webdriver/remote/webdriver.py\", line 288, in __init__\n    self.start_session(capabilities, browser_profile)\n  File \"/home/runner/work/Saucedemo_05/Saucedemo_05/.venv/lib/python3.10/site-packages/selenium/webdriver/remote/webdriver.py\", line 381, in start_session\n    response = self.execute(Command.NEW_SESSION, parameters)\n  File \"/home/runner/work/Saucedemo_05/Saucedemo_05/.venv/lib/python3.10/site-packages/selenium/webdriver/remote/webdriver.py\", line 444, in execute\n    self.error_handler.check_response(response)\n  File \"/home/runner/work/Saucedemo_05/Saucedemo_05/.venv/lib/python3.10/site-packages/selenium/webdriver/remote/errorhandler.py\", line 249, in check_response\n    raise exception_class(message, screen, stacktrace)\n","steps":[],"attachments":[],"parameters":[],"stepsCount":0,"attachmentsCount":0,"shouldDisplayMessage":true,"hasContent":true}],"afterStages":[],"labels":[{"name":"epic","value":"US_004.00"},{"name":"story","value":"TC_004.00.02"},{"name":"parentSuite","value":"tests.test_cart"},{"name":"suite","value":"test_sorting"},{"name":"subSuite","value":"TestCartClass"},{"name":"host","value":"fv-az280-42"},{"name":"thread","value":"2600-MainThread"},{"name":"framework","value":"pytest"},{"name":"language","value":"cpython3"},{"name":"package","value":"tests.test_cart.test_sorting"},{"name":"resultFormat","value":"allure2"}],"parameters":[],"links":[],"hidden":false,"retry":false,"extra":{"severity":"normal","retries":[],"categories":[{"name":"Test defects","matchedStatuses":[],"flaky":false}],"history":{"statistic":{"failed":0,"broken":5,"skipped":0,"passed":0,"unknown":0,"total":5},"items":[{"uid":"6abb2879228fb993","reportUrl":"https://FireDucks05.github.io/Saucedemo_05/71//#testresult/6abb2879228fb993","status":"broken","statusDetails":"selenium.common.exceptions.WebDriverException: Message: unknown error: Chrome failed to start: exited abnormally.\n  (unknown error: DevToolsActivePort file doesn't exist)\n  (The process started from chrome location /usr/bin/google-chrome is no longer running, so ChromeDriver is assuming that Chrome has crashed.)\nStacktrace:\n#0 0x5634cc9a0463 <unknown>\n#1 0x5634cc7648d8 <unknown>\n#2 0x5634cc78cb6a <unknown>\n#3 0x5634cc787c05 <unknown>\n#4 0x5634cc7cb802 <unknown>\n#5 0x5634cc7cb2af <unknown>\n#6 0x5634cc7c3443 <unknown>\n#7 0x5634cc7943c5 <unknown>\n#8 0x5634cc795531 <unknown>\n#9 0x5634cc9f2dce <unknown>\n#10 0x5634cc9f6192 <unknown>\n#11 0x5634cc9d793e <unknown>\n#12 0x5634cc9f7103 <unknown>\n#13 0x5634cc9cad85 <unknown>\n#14 0x5634cca180a8 <unknown>\n#15 0x5634cca18239 <unknown>\n#16 0x5634cca33492 <unknown>\n#17 0x7f5e6ca75b43 <unknown>","time":{"start":1669159942219,"stop":1669159942219,"duration":0}},{"uid":"4a2b1d45989f35a3","reportUrl":"https://FireDucks05.github.io/Saucedemo_05/70//#testresult/4a2b1d45989f35a3","status":"broken","statusDetails":"selenium.common.exceptions.WebDriverException: Message: unknown error: Chrome failed to start: exited abnormally.\n  (unknown error: DevToolsActivePort file doesn't exist)\n  (The process started from chrome location /usr/bin/google-chrome is no longer running, so ChromeDriver is assuming that Chrome has crashed.)\nStacktrace:\n#0 0x555a58d99463 <unknown>\n#1 0x555a58b5d8d8 <unknown>\n#2 0x555a58b85b6a <unknown>\n#3 0x555a58b80c05 <unknown>\n#4 0x555a58bc4802 <unknown>\n#5 0x555a58bc42af <unknown>\n#6 0x555a58bbc443 <unknown>\n#7 0x555a58b8d3c5 <unknown>\n#8 0x555a58b8e531 <unknown>\n#9 0x555a58debdce <unknown>\n#10 0x555a58def192 <unknown>\n#11 0x555a58dd093e <unknown>\n#12 0x555a58df0103 <unknown>\n#13 0x555a58dc3d85 <unknown>\n#14 0x555a58e110a8 <unknown>\n#15 0x555a58e11239 <unknown>\n#16 0x555a58e2c492 <unknown>\n#17 0x7f92ee7a2b43 <unknown>","time":{"start":1669159196216,"stop":1669159196216,"duration":0}},{"uid":"b6e22cca13bef5a1","reportUrl":"https://FireDucks05.github.io/Saucedemo_05/52//#testresult/b6e22cca13bef5a1","status":"broken","statusDetails":"selenium.common.exceptions.WebDriverException: Message: unknown error: Chrome failed to start: exited abnormally.\n  (unknown error: DevToolsActivePort file doesn't exist)\n  (The process started from chrome location /usr/bin/google-chrome is no longer running, so ChromeDriver is assuming that Chrome has crashed.)\nStacktrace:\n#0 0x555d21f6d463 <unknown>\n#1 0x555d21d318d8 <unknown>\n#2 0x555d21d59b6a <unknown>\n#3 0x555d21d54c05 <unknown>\n#4 0x555d21d98802 <unknown>\n#5 0x555d21d982af <unknown>\n#6 0x555d21d90443 <unknown>\n#7 0x555d21d613c5 <unknown>\n#8 0x555d21d62531 <unknown>\n#9 0x555d21fbfdce <unknown>\n#10 0x555d21fc3192 <unknown>\n#11 0x555d21fa493e <unknown>\n#12 0x555d21fc4103 <unknown>\n#13 0x555d21f97d85 <unknown>\n#14 0x555d21fe50a8 <unknown>\n#15 0x555d21fe5239 <unknown>\n#16 0x555d22000492 <unknown>\n#17 0x7f6368b59b43 <unknown>","time":{"start":1669086997597,"stop":1669086997597,"duration":0}},{"uid":"b3e2b7d036894a2d","reportUrl":"https://FireDucks05.github.io/Saucedemo_05/51//#testresult/b3e2b7d036894a2d","status":"broken","statusDetails":"selenium.common.exceptions.WebDriverException: Message: unknown error: Chrome failed to start: exited abnormally.\n  (unknown error: DevToolsActivePort file doesn't exist)\n  (The process started from chrome location /usr/bin/google-chrome is no longer running, so ChromeDriver is assuming that Chrome has crashed.)\nStacktrace:\n#0 0x562d0efa3463 <unknown>\n#1 0x562d0ed678d8 <unknown>\n#2 0x562d0ed8fb6a <unknown>\n#3 0x562d0ed8ac05 <unknown>\n#4 0x562d0edce802 <unknown>\n#5 0x562d0edce2af <unknown>\n#6 0x562d0edc6443 <unknown>\n#7 0x562d0ed973c5 <unknown>\n#8 0x562d0ed98531 <unknown>\n#9 0x562d0eff5dce <unknown>\n#10 0x562d0eff9192 <unknown>\n#11 0x562d0efda93e <unknown>\n#12 0x562d0effa103 <unknown>\n#13 0x562d0efcdd85 <unknown>\n#14 0x562d0f01b0a8 <unknown>\n#15 0x562d0f01b239 <unknown>\n#16 0x562d0f036492 <unknown>\n#17 0x7fe346433b43 <unknown>","time":{"start":1669086358742,"stop":1669086358742,"duration":0}}]},"tags":[]},"source":"2fc73684dfb74fa1.json","parameterValues":[]}