{"uid":"3bf6a8bab03f28de","name":"Standart_user login","fullName":"tests.test_login.TestAuthorizationClass#test_login_WO_pass","historyId":"39f57b5b8986bd68af201851135d97b9","time":{"start":1669088274847,"stop":1669088274847,"duration":0},"status":"broken","statusMessage":"selenium.common.exceptions.WebDriverException: Message: unknown error: Chrome failed to start: exited abnormally.\n  (unknown error: DevToolsActivePort file doesn't exist)\n  (The process started from chrome location /usr/bin/google-chrome is no longer running, so ChromeDriver is assuming that Chrome has crashed.)\nStacktrace:\n#0 0x56325eb0b463 <unknown>\n#1 0x56325e8cf8d8 <unknown>\n#2 0x56325e8f7b6a <unknown>\n#3 0x56325e8f2c05 <unknown>\n#4 0x56325e936802 <unknown>\n#5 0x56325e9362af <unknown>\n#6 0x56325e92e443 <unknown>\n#7 0x56325e8ff3c5 <unknown>\n#8 0x56325e900531 <unknown>\n#9 0x56325eb5ddce <unknown>\n#10 0x56325eb61192 <unknown>\n#11 0x56325eb4293e <unknown>\n#12 0x56325eb62103 <unknown>\n#13 0x56325eb35d85 <unknown>\n#14 0x56325eb830a8 <unknown>\n#15 0x56325eb83239 <unknown>\n#16 0x56325eb9e492 <unknown>\n#17 0x7ff9a9a48b43 <unknown>","statusTrace":"request = <SubRequest 'browser' for <Function test_login_WO_pass>>\nheadless = False\n\n    @pytest.fixture(autouse=True)\n    def browser(request, headless):\n        browser = request.config.getoption(\"--launch\")\n        if browser == \"firefox\":\n            options = webdriver.FirefoxOptions()\n            options.add_argument(\"--window-size=1600,1080\")\n            options.headless = headless\n    \n            browser = webdriver.Firefox(FirefoxService(GeckoDriverManager().install()), options=options\n            )\n            yield browser\n            browser.quit()\n        else:\n    \n            options = webdriver.ChromeOptions()\n            options.add_argument(\"--window-size=1600,1080\")\n            options.headless = headless\n            logging.info('start logs')\n>           browser = webdriver.Chrome(ChromeDriverManager().install(), options=options\n            )\n\nconftest.py:29: \n_ _ _ _ _ _ _ _ _ _ _ _ _ _ _ _ _ _ _ _ _ _ _ _ _ _ _ _ _ _ _ _ _ _ _ _ _ _ _ _ \n.venv/lib/python3.10/site-packages/selenium/webdriver/chrome/webdriver.py:81: in __init__\n    super().__init__(\n.venv/lib/python3.10/site-packages/selenium/webdriver/chromium/webdriver.py:106: in __init__\n    super().__init__(\n.venv/lib/python3.10/site-packages/selenium/webdriver/remote/webdriver.py:288: in __init__\n    self.start_session(capabilities, browser_profile)\n.venv/lib/python3.10/site-packages/selenium/webdriver/remote/webdriver.py:381: in start_session\n    response = self.execute(Command.NEW_SESSION, parameters)\n.venv/lib/python3.10/site-packages/selenium/webdriver/remote/webdriver.py:444: in execute\n    self.error_handler.check_response(response)\n_ _ _ _ _ _ _ _ _ _ _ _ _ _ _ _ _ _ _ _ _ _ _ _ _ _ _ _ _ _ _ _ _ _ _ _ _ _ _ _ \n\nself = <selenium.webdriver.remote.errorhandler.ErrorHandler object at 0x7fee1a86fb80>\nresponse = {'status': 500, 'value': '{\"value\":{\"error\":\"unknown error\",\"message\":\"unknown error: Chrome failed to start: exited a...\\\\n#15 0x56325eb83239 \\\\u003Cunknown>\\\\n#16 0x56325eb9e492 \\\\u003Cunknown>\\\\n#17 0x7ff9a9a48b43 \\\\u003Cunknown>\\\\n\"}}'}\n\n    def check_response(self, response: Dict[str, Any]) -> None:\n        \"\"\"\n        Checks that a JSON response from the WebDriver does not have an error.\n    \n        :Args:\n         - response - The JSON response from the WebDriver server as a dictionary\n           object.\n    \n        :Raises: If the response contains an error message.\n        \"\"\"\n        status = response.get(\"status\", None)\n        if not status or status == ErrorCode.SUCCESS:\n            return\n        value = None\n        message = response.get(\"message\", \"\")\n        screen: str = response.get(\"screen\", \"\")\n        stacktrace = None\n        if isinstance(status, int):\n            value_json = response.get(\"value\", None)\n            if value_json and isinstance(value_json, str):\n                import json\n    \n                try:\n                    value = json.loads(value_json)\n                    if len(value.keys()) == 1:\n                        value = value[\"value\"]\n                    status = value.get(\"error\", None)\n                    if not status:\n                        status = value.get(\"status\", ErrorCode.UNKNOWN_ERROR)\n                        message = value.get(\"value\") or value.get(\"message\")\n                        if not isinstance(message, str):\n                            value = message\n                            message = message.get(\"message\")\n                    else:\n                        message = value.get(\"message\", None)\n                except ValueError:\n                    pass\n    \n        exception_class: Type[WebDriverException]\n        if status in ErrorCode.NO_SUCH_ELEMENT:\n            exception_class = NoSuchElementException\n        elif status in ErrorCode.NO_SUCH_FRAME:\n            exception_class = NoSuchFrameException\n        elif status in ErrorCode.NO_SUCH_SHADOW_ROOT:\n            exception_class = NoSuchShadowRootException\n        elif status in ErrorCode.NO_SUCH_WINDOW:\n            exception_class = NoSuchWindowException\n        elif status in ErrorCode.STALE_ELEMENT_REFERENCE:\n            exception_class = StaleElementReferenceException\n        elif status in ErrorCode.ELEMENT_NOT_VISIBLE:\n            exception_class = ElementNotVisibleException\n        elif status in ErrorCode.INVALID_ELEMENT_STATE:\n            exception_class = InvalidElementStateException\n        elif (\n            status in ErrorCode.INVALID_SELECTOR\n            or status in ErrorCode.INVALID_XPATH_SELECTOR\n            or status in ErrorCode.INVALID_XPATH_SELECTOR_RETURN_TYPER\n        ):\n            exception_class = InvalidSelectorException\n        elif status in ErrorCode.ELEMENT_IS_NOT_SELECTABLE:\n            exception_class = ElementNotSelectableException\n        elif status in ErrorCode.ELEMENT_NOT_INTERACTABLE:\n            exception_class = ElementNotInteractableException\n        elif status in ErrorCode.INVALID_COOKIE_DOMAIN:\n            exception_class = InvalidCookieDomainException\n        elif status in ErrorCode.UNABLE_TO_SET_COOKIE:\n            exception_class = UnableToSetCookieException\n        elif status in ErrorCode.TIMEOUT:\n            exception_class = TimeoutException\n        elif status in ErrorCode.SCRIPT_TIMEOUT:\n            exception_class = TimeoutException\n        elif status in ErrorCode.UNKNOWN_ERROR:\n            exception_class = WebDriverException\n        elif status in ErrorCode.UNEXPECTED_ALERT_OPEN:\n            exception_class = UnexpectedAlertPresentException\n        elif status in ErrorCode.NO_ALERT_OPEN:\n            exception_class = NoAlertPresentException\n        elif status in ErrorCode.IME_NOT_AVAILABLE:\n            exception_class = ImeNotAvailableException\n        elif status in ErrorCode.IME_ENGINE_ACTIVATION_FAILED:\n            exception_class = ImeActivationFailedException\n        elif status in ErrorCode.MOVE_TARGET_OUT_OF_BOUNDS:\n            exception_class = MoveTargetOutOfBoundsException\n        elif status in ErrorCode.JAVASCRIPT_ERROR:\n            exception_class = JavascriptException\n        elif status in ErrorCode.SESSION_NOT_CREATED:\n            exception_class = SessionNotCreatedException\n        elif status in ErrorCode.INVALID_ARGUMENT:\n            exception_class = InvalidArgumentException\n        elif status in ErrorCode.NO_SUCH_COOKIE:\n            exception_class = NoSuchCookieException\n        elif status in ErrorCode.UNABLE_TO_CAPTURE_SCREEN:\n            exception_class = ScreenshotException\n        elif status in ErrorCode.ELEMENT_CLICK_INTERCEPTED:\n            exception_class = ElementClickInterceptedException\n        elif status in ErrorCode.INSECURE_CERTIFICATE:\n            exception_class = InsecureCertificateException\n        elif status in ErrorCode.INVALID_COORDINATES:\n            exception_class = InvalidCoordinatesException\n        elif status in ErrorCode.INVALID_SESSION_ID:\n            exception_class = InvalidSessionIdException\n        elif status in ErrorCode.UNKNOWN_METHOD:\n            exception_class = UnknownMethodException\n        else:\n            exception_class = WebDriverException\n        if not value:\n            value = response[\"value\"]\n        if isinstance(value, str):\n            raise exception_class(value)\n        if message == \"\" and \"message\" in value:\n            message = value[\"message\"]\n    \n        screen = None  # type: ignore[assignment]\n        if \"screen\" in value:\n            screen = value[\"screen\"]\n    \n        stacktrace = None\n        st_value = value.get(\"stackTrace\") or value.get(\"stacktrace\")\n        if st_value:\n            if isinstance(st_value, str):\n                stacktrace = st_value.split(\"\\n\")\n            else:\n                stacktrace = []\n                try:\n                    for frame in st_value:\n                        line = frame.get(\"lineNumber\", \"\")\n                        file = frame.get(\"fileName\", \"<anonymous>\")\n                        if line:\n                            file = f\"{file}:{line}\"\n                        meth = frame.get(\"methodName\", \"<anonymous>\")\n                        if \"className\" in frame:\n                            meth = \"{}.{}\".format(frame[\"className\"], meth)\n                        msg = \"    at %s (%s)\"\n                        msg = msg % (meth, file)\n                        stacktrace.append(msg)\n                except TypeError:\n                    pass\n        if exception_class == UnexpectedAlertPresentException:\n            alert_text = None\n            if \"data\" in value:\n                alert_text = value[\"data\"].get(\"text\")\n            elif \"alert\" in value:\n                alert_text = value[\"alert\"].get(\"text\")\n            raise exception_class(message, screen, stacktrace, alert_text)  # type: ignore[call-arg]  # mypy is not smart enough here\n>       raise exception_class(message, screen, stacktrace)\nE       selenium.common.exceptions.WebDriverException: Message: unknown error: Chrome failed to start: exited abnormally.\nE         (unknown error: DevToolsActivePort file doesn't exist)\nE         (The process started from chrome location /usr/bin/google-chrome is no longer running, so ChromeDriver is assuming that Chrome has crashed.)\nE       Stacktrace:\nE       #0 0x56325eb0b463 <unknown>\nE       #1 0x56325e8cf8d8 <unknown>\nE       #2 0x56325e8f7b6a <unknown>\nE       #3 0x56325e8f2c05 <unknown>\nE       #4 0x56325e936802 <unknown>\nE       #5 0x56325e9362af <unknown>\nE       #6 0x56325e92e443 <unknown>\nE       #7 0x56325e8ff3c5 <unknown>\nE       #8 0x56325e900531 <unknown>\nE       #9 0x56325eb5ddce <unknown>\nE       #10 0x56325eb61192 <unknown>\nE       #11 0x56325eb4293e <unknown>\nE       #12 0x56325eb62103 <unknown>\nE       #13 0x56325eb35d85 <unknown>\nE       #14 0x56325eb830a8 <unknown>\nE       #15 0x56325eb83239 <unknown>\nE       #16 0x56325eb9e492 <unknown>\nE       #17 0x7ff9a9a48b43 <unknown>\n\n.venv/lib/python3.10/site-packages/selenium/webdriver/remote/errorhandler.py:249: WebDriverException","flaky":false,"newFailed":false,"newBroken":false,"newPassed":false,"retriesCount":0,"retriesStatusChange":false,"beforeStages":[{"name":"headless","time":{"start":1669088267115,"stop":1669088267115,"duration":0},"status":"passed","steps":[],"attachments":[],"parameters":[],"stepsCount":0,"attachmentsCount":0,"shouldDisplayMessage":false,"hasContent":false},{"name":"browser","time":{"start":1669088274847,"stop":1669088275685,"duration":838},"status":"broken","statusMessage":"selenium.common.exceptions.WebDriverException: Message: unknown error: Chrome failed to start: exited abnormally.\n  (unknown error: DevToolsActivePort file doesn't exist)\n  (The process started from chrome location /usr/bin/google-chrome is no longer running, so ChromeDriver is assuming that Chrome has crashed.)\nStacktrace:\n#0 0x56325eb0b463 <unknown>\n#1 0x56325e8cf8d8 <unknown>\n#2 0x56325e8f7b6a <unknown>\n#3 0x56325e8f2c05 <unknown>\n#4 0x56325e936802 <unknown>\n#5 0x56325e9362af <unknown>\n#6 0x56325e92e443 <unknown>\n#7 0x56325e8ff3c5 <unknown>\n#8 0x56325e900531 <unknown>\n#9 0x56325eb5ddce <unknown>\n#10 0x56325eb61192 <unknown>\n#11 0x56325eb4293e <unknown>\n#12 0x56325eb62103 <unknown>\n#13 0x56325eb35d85 <unknown>\n#14 0x56325eb830a8 <unknown>\n#15 0x56325eb83239 <unknown>\n#16 0x56325eb9e492 <unknown>\n#17 0x7ff9a9a48b43 <unknown>\n\n","statusTrace":"  File \"/home/runner/work/Saucedemo_05/Saucedemo_05/.venv/lib/python3.10/site-packages/pluggy/_callers.py\", line 39, in _multicall\n    res = hook_impl.function(*args)\n  File \"/home/runner/work/Saucedemo_05/Saucedemo_05/.venv/lib/python3.10/site-packages/_pytest/fixtures.py\", line 1128, in pytest_fixture_setup\n    result = call_fixture_func(fixturefunc, request, kwargs)\n  File \"/home/runner/work/Saucedemo_05/Saucedemo_05/.venv/lib/python3.10/site-packages/_pytest/fixtures.py\", line 900, in call_fixture_func\n    fixture_result = next(generator)\n  File \"/home/runner/work/Saucedemo_05/Saucedemo_05/conftest.py\", line 29, in browser\n    browser = webdriver.Chrome(ChromeDriverManager().install(), options=options\n  File \"/home/runner/work/Saucedemo_05/Saucedemo_05/.venv/lib/python3.10/site-packages/selenium/webdriver/chrome/webdriver.py\", line 81, in __init__\n    super().__init__(\n  File \"/home/runner/work/Saucedemo_05/Saucedemo_05/.venv/lib/python3.10/site-packages/selenium/webdriver/chromium/webdriver.py\", line 106, in __init__\n    super().__init__(\n  File \"/home/runner/work/Saucedemo_05/Saucedemo_05/.venv/lib/python3.10/site-packages/selenium/webdriver/remote/webdriver.py\", line 288, in __init__\n    self.start_session(capabilities, browser_profile)\n  File \"/home/runner/work/Saucedemo_05/Saucedemo_05/.venv/lib/python3.10/site-packages/selenium/webdriver/remote/webdriver.py\", line 381, in start_session\n    response = self.execute(Command.NEW_SESSION, parameters)\n  File \"/home/runner/work/Saucedemo_05/Saucedemo_05/.venv/lib/python3.10/site-packages/selenium/webdriver/remote/webdriver.py\", line 444, in execute\n    self.error_handler.check_response(response)\n  File \"/home/runner/work/Saucedemo_05/Saucedemo_05/.venv/lib/python3.10/site-packages/selenium/webdriver/remote/errorhandler.py\", line 249, in check_response\n    raise exception_class(message, screen, stacktrace)\n","steps":[],"attachments":[],"parameters":[],"stepsCount":0,"attachmentsCount":0,"shouldDisplayMessage":true,"hasContent":true}],"afterStages":[],"labels":[{"name":"story","value":"US_001.00"},{"name":"tag","value":"negative"},{"name":"parentSuite","value":"tests"},{"name":"suite","value":"test_login"},{"name":"subSuite","value":"TestAuthorizationClass"},{"name":"host","value":"fv-az336-667"},{"name":"thread","value":"2743-MainThread"},{"name":"framework","value":"pytest"},{"name":"language","value":"cpython3"},{"name":"package","value":"tests.test_login"},{"name":"resultFormat","value":"allure2"}],"parameters":[],"links":[],"hidden":false,"retry":false,"extra":{"severity":"normal","retries":[],"categories":[{"name":"Test defects","matchedStatuses":[],"flaky":false}],"history":{"statistic":{"failed":0,"broken":3,"skipped":0,"passed":0,"unknown":0,"total":3},"items":[{"uid":"6f291f18fb0c75c3","reportUrl":"https://FireDucks05.github.io/Saucedemo_05/52//#testresult/6f291f18fb0c75c3","status":"broken","statusDetails":"selenium.common.exceptions.WebDriverException: Message: unknown error: Chrome failed to start: exited abnormally.\n  (unknown error: DevToolsActivePort file doesn't exist)\n  (The process started from chrome location /usr/bin/google-chrome is no longer running, so ChromeDriver is assuming that Chrome has crashed.)\nStacktrace:\n#0 0x557a7da5a463 <unknown>\n#1 0x557a7d81e8d8 <unknown>\n#2 0x557a7d846b6a <unknown>\n#3 0x557a7d841c05 <unknown>\n#4 0x557a7d885802 <unknown>\n#5 0x557a7d8852af <unknown>\n#6 0x557a7d87d443 <unknown>\n#7 0x557a7d84e3c5 <unknown>\n#8 0x557a7d84f531 <unknown>\n#9 0x557a7daacdce <unknown>\n#10 0x557a7dab0192 <unknown>\n#11 0x557a7da9193e <unknown>\n#12 0x557a7dab1103 <unknown>\n#13 0x557a7da84d85 <unknown>\n#14 0x557a7dad20a8 <unknown>\n#15 0x557a7dad2239 <unknown>\n#16 0x557a7daed492 <unknown>\n#17 0x7ff9ceedeb43 <unknown>","time":{"start":1669086989351,"stop":1669086989351,"duration":0}},{"uid":"b9f2dd6276c45d76","reportUrl":"https://FireDucks05.github.io/Saucedemo_05/51//#testresult/b9f2dd6276c45d76","status":"broken","statusDetails":"selenium.common.exceptions.WebDriverException: Message: unknown error: Chrome failed to start: exited abnormally.\n  (unknown error: DevToolsActivePort file doesn't exist)\n  (The process started from chrome location /usr/bin/google-chrome is no longer running, so ChromeDriver is assuming that Chrome has crashed.)\nStacktrace:\n#0 0x55ace802c463 <unknown>\n#1 0x55ace7df08d8 <unknown>\n#2 0x55ace7e18b6a <unknown>\n#3 0x55ace7e13c05 <unknown>\n#4 0x55ace7e57802 <unknown>\n#5 0x55ace7e572af <unknown>\n#6 0x55ace7e4f443 <unknown>\n#7 0x55ace7e203c5 <unknown>\n#8 0x55ace7e21531 <unknown>\n#9 0x55ace807edce <unknown>\n#10 0x55ace8082192 <unknown>\n#11 0x55ace806393e <unknown>\n#12 0x55ace8083103 <unknown>\n#13 0x55ace8056d85 <unknown>\n#14 0x55ace80a40a8 <unknown>\n#15 0x55ace80a4239 <unknown>\n#16 0x55ace80bf492 <unknown>\n#17 0x7fa0247e3b43 <unknown>","time":{"start":1669086350368,"stop":1669086350368,"duration":0}}]},"tags":["negative"]},"source":"3bf6a8bab03f28de.json","parameterValues":[]}