{"uid":"12f39d79070d894a","name":"Positive login","fullName":"tests.test_login.TestAuthorizationClass#test_login_positive","historyId":"fa00154221af997264a795048ebc08f8","time":{"start":1669159185484,"stop":1669159185484,"duration":0},"status":"broken","statusMessage":"selenium.common.exceptions.WebDriverException: Message: unknown error: Chrome failed to start: exited abnormally.\n  (unknown error: DevToolsActivePort file doesn't exist)\n  (The process started from chrome location /usr/bin/google-chrome is no longer running, so ChromeDriver is assuming that Chrome has crashed.)\nStacktrace:\n#0 0x562df7cbe463 <unknown>\n#1 0x562df7a828d8 <unknown>\n#2 0x562df7aaab6a <unknown>\n#3 0x562df7aa5c05 <unknown>\n#4 0x562df7ae9802 <unknown>\n#5 0x562df7ae92af <unknown>\n#6 0x562df7ae1443 <unknown>\n#7 0x562df7ab23c5 <unknown>\n#8 0x562df7ab3531 <unknown>\n#9 0x562df7d10dce <unknown>\n#10 0x562df7d14192 <unknown>\n#11 0x562df7cf593e <unknown>\n#12 0x562df7d15103 <unknown>\n#13 0x562df7ce8d85 <unknown>\n#14 0x562df7d360a8 <unknown>\n#15 0x562df7d36239 <unknown>\n#16 0x562df7d51492 <unknown>\n#17 0x7f17a9f62b43 <unknown>","statusTrace":"request = <SubRequest 'browser' for <Function test_login_positive[performance_glitch_user]>>\nheadless = False\n\n    @pytest.fixture(autouse=True)\n    def browser(request, headless):\n        browser = request.config.getoption(\"--launch\")\n        options = webdriver.ChromeOptions()\n        options.add_argument(\"--window-size=1600,1080\")\n        options.headless = headless\n        logging.info('start logs')\n>       browser = webdriver.Chrome(ChromeDriverManager().install(), options=options)\n\nconftest.py:18: \n_ _ _ _ _ _ _ _ _ _ _ _ _ _ _ _ _ _ _ _ _ _ _ _ _ _ _ _ _ _ _ _ _ _ _ _ _ _ _ _ \n.venv/lib/python3.10/site-packages/selenium/webdriver/chrome/webdriver.py:81: in __init__\n    super().__init__(\n.venv/lib/python3.10/site-packages/selenium/webdriver/chromium/webdriver.py:106: in __init__\n    super().__init__(\n.venv/lib/python3.10/site-packages/selenium/webdriver/remote/webdriver.py:288: in __init__\n    self.start_session(capabilities, browser_profile)\n.venv/lib/python3.10/site-packages/selenium/webdriver/remote/webdriver.py:381: in start_session\n    response = self.execute(Command.NEW_SESSION, parameters)\n.venv/lib/python3.10/site-packages/selenium/webdriver/remote/webdriver.py:444: in execute\n    self.error_handler.check_response(response)\n_ _ _ _ _ _ _ _ _ _ _ _ _ _ _ _ _ _ _ _ _ _ _ _ _ _ _ _ _ _ _ _ _ _ _ _ _ _ _ _ \n\nself = <selenium.webdriver.remote.errorhandler.ErrorHandler object at 0x7f544daf5ff0>\nresponse = {'status': 500, 'value': '{\"value\":{\"error\":\"unknown error\",\"message\":\"unknown error: Chrome failed to start: exited a...\\\\n#15 0x562df7d36239 \\\\u003Cunknown>\\\\n#16 0x562df7d51492 \\\\u003Cunknown>\\\\n#17 0x7f17a9f62b43 \\\\u003Cunknown>\\\\n\"}}'}\n\n    def check_response(self, response: Dict[str, Any]) -> None:\n        \"\"\"\n        Checks that a JSON response from the WebDriver does not have an error.\n    \n        :Args:\n         - response - The JSON response from the WebDriver server as a dictionary\n           object.\n    \n        :Raises: If the response contains an error message.\n        \"\"\"\n        status = response.get(\"status\", None)\n        if not status or status == ErrorCode.SUCCESS:\n            return\n        value = None\n        message = response.get(\"message\", \"\")\n        screen: str = response.get(\"screen\", \"\")\n        stacktrace = None\n        if isinstance(status, int):\n            value_json = response.get(\"value\", None)\n            if value_json and isinstance(value_json, str):\n                import json\n    \n                try:\n                    value = json.loads(value_json)\n                    if len(value.keys()) == 1:\n                        value = value[\"value\"]\n                    status = value.get(\"error\", None)\n                    if not status:\n                        status = value.get(\"status\", ErrorCode.UNKNOWN_ERROR)\n                        message = value.get(\"value\") or value.get(\"message\")\n                        if not isinstance(message, str):\n                            value = message\n                            message = message.get(\"message\")\n                    else:\n                        message = value.get(\"message\", None)\n                except ValueError:\n                    pass\n    \n        exception_class: Type[WebDriverException]\n        if status in ErrorCode.NO_SUCH_ELEMENT:\n            exception_class = NoSuchElementException\n        elif status in ErrorCode.NO_SUCH_FRAME:\n            exception_class = NoSuchFrameException\n        elif status in ErrorCode.NO_SUCH_SHADOW_ROOT:\n            exception_class = NoSuchShadowRootException\n        elif status in ErrorCode.NO_SUCH_WINDOW:\n            exception_class = NoSuchWindowException\n        elif status in ErrorCode.STALE_ELEMENT_REFERENCE:\n            exception_class = StaleElementReferenceException\n        elif status in ErrorCode.ELEMENT_NOT_VISIBLE:\n            exception_class = ElementNotVisibleException\n        elif status in ErrorCode.INVALID_ELEMENT_STATE:\n            exception_class = InvalidElementStateException\n        elif (\n            status in ErrorCode.INVALID_SELECTOR\n            or status in ErrorCode.INVALID_XPATH_SELECTOR\n            or status in ErrorCode.INVALID_XPATH_SELECTOR_RETURN_TYPER\n        ):\n            exception_class = InvalidSelectorException\n        elif status in ErrorCode.ELEMENT_IS_NOT_SELECTABLE:\n            exception_class = ElementNotSelectableException\n        elif status in ErrorCode.ELEMENT_NOT_INTERACTABLE:\n            exception_class = ElementNotInteractableException\n        elif status in ErrorCode.INVALID_COOKIE_DOMAIN:\n            exception_class = InvalidCookieDomainException\n        elif status in ErrorCode.UNABLE_TO_SET_COOKIE:\n            exception_class = UnableToSetCookieException\n        elif status in ErrorCode.TIMEOUT:\n            exception_class = TimeoutException\n        elif status in ErrorCode.SCRIPT_TIMEOUT:\n            exception_class = TimeoutException\n        elif status in ErrorCode.UNKNOWN_ERROR:\n            exception_class = WebDriverException\n        elif status in ErrorCode.UNEXPECTED_ALERT_OPEN:\n            exception_class = UnexpectedAlertPresentException\n        elif status in ErrorCode.NO_ALERT_OPEN:\n            exception_class = NoAlertPresentException\n        elif status in ErrorCode.IME_NOT_AVAILABLE:\n            exception_class = ImeNotAvailableException\n        elif status in ErrorCode.IME_ENGINE_ACTIVATION_FAILED:\n            exception_class = ImeActivationFailedException\n        elif status in ErrorCode.MOVE_TARGET_OUT_OF_BOUNDS:\n            exception_class = MoveTargetOutOfBoundsException\n        elif status in ErrorCode.JAVASCRIPT_ERROR:\n            exception_class = JavascriptException\n        elif status in ErrorCode.SESSION_NOT_CREATED:\n            exception_class = SessionNotCreatedException\n        elif status in ErrorCode.INVALID_ARGUMENT:\n            exception_class = InvalidArgumentException\n        elif status in ErrorCode.NO_SUCH_COOKIE:\n            exception_class = NoSuchCookieException\n        elif status in ErrorCode.UNABLE_TO_CAPTURE_SCREEN:\n            exception_class = ScreenshotException\n        elif status in ErrorCode.ELEMENT_CLICK_INTERCEPTED:\n            exception_class = ElementClickInterceptedException\n        elif status in ErrorCode.INSECURE_CERTIFICATE:\n            exception_class = InsecureCertificateException\n        elif status in ErrorCode.INVALID_COORDINATES:\n            exception_class = InvalidCoordinatesException\n        elif status in ErrorCode.INVALID_SESSION_ID:\n            exception_class = InvalidSessionIdException\n        elif status in ErrorCode.UNKNOWN_METHOD:\n            exception_class = UnknownMethodException\n        else:\n            exception_class = WebDriverException\n        if not value:\n            value = response[\"value\"]\n        if isinstance(value, str):\n            raise exception_class(value)\n        if message == \"\" and \"message\" in value:\n            message = value[\"message\"]\n    \n        screen = None  # type: ignore[assignment]\n        if \"screen\" in value:\n            screen = value[\"screen\"]\n    \n        stacktrace = None\n        st_value = value.get(\"stackTrace\") or value.get(\"stacktrace\")\n        if st_value:\n            if isinstance(st_value, str):\n                stacktrace = st_value.split(\"\\n\")\n            else:\n                stacktrace = []\n                try:\n                    for frame in st_value:\n                        line = frame.get(\"lineNumber\", \"\")\n                        file = frame.get(\"fileName\", \"<anonymous>\")\n                        if line:\n                            file = f\"{file}:{line}\"\n                        meth = frame.get(\"methodName\", \"<anonymous>\")\n                        if \"className\" in frame:\n                            meth = \"{}.{}\".format(frame[\"className\"], meth)\n                        msg = \"    at %s (%s)\"\n                        msg = msg % (meth, file)\n                        stacktrace.append(msg)\n                except TypeError:\n                    pass\n        if exception_class == UnexpectedAlertPresentException:\n            alert_text = None\n            if \"data\" in value:\n                alert_text = value[\"data\"].get(\"text\")\n            elif \"alert\" in value:\n                alert_text = value[\"alert\"].get(\"text\")\n            raise exception_class(message, screen, stacktrace, alert_text)  # type: ignore[call-arg]  # mypy is not smart enough here\n>       raise exception_class(message, screen, stacktrace)\nE       selenium.common.exceptions.WebDriverException: Message: unknown error: Chrome failed to start: exited abnormally.\nE         (unknown error: DevToolsActivePort file doesn't exist)\nE         (The process started from chrome location /usr/bin/google-chrome is no longer running, so ChromeDriver is assuming that Chrome has crashed.)\nE       Stacktrace:\nE       #0 0x562df7cbe463 <unknown>\nE       #1 0x562df7a828d8 <unknown>\nE       #2 0x562df7aaab6a <unknown>\nE       #3 0x562df7aa5c05 <unknown>\nE       #4 0x562df7ae9802 <unknown>\nE       #5 0x562df7ae92af <unknown>\nE       #6 0x562df7ae1443 <unknown>\nE       #7 0x562df7ab23c5 <unknown>\nE       #8 0x562df7ab3531 <unknown>\nE       #9 0x562df7d10dce <unknown>\nE       #10 0x562df7d14192 <unknown>\nE       #11 0x562df7cf593e <unknown>\nE       #12 0x562df7d15103 <unknown>\nE       #13 0x562df7ce8d85 <unknown>\nE       #14 0x562df7d360a8 <unknown>\nE       #15 0x562df7d36239 <unknown>\nE       #16 0x562df7d51492 <unknown>\nE       #17 0x7f17a9f62b43 <unknown>\n\n.venv/lib/python3.10/site-packages/selenium/webdriver/remote/errorhandler.py:249: WebDriverException","flaky":false,"newFailed":false,"newBroken":false,"newPassed":false,"retriesCount":0,"retriesStatusChange":false,"beforeStages":[{"name":"headless","time":{"start":1669159185485,"stop":1669159185485,"duration":0},"status":"passed","steps":[],"attachments":[],"parameters":[],"stepsCount":0,"attachmentsCount":0,"shouldDisplayMessage":false,"hasContent":false},{"name":"browser","time":{"start":1669159185485,"stop":1669159190704,"duration":5219},"status":"broken","statusMessage":"selenium.common.exceptions.WebDriverException: Message: unknown error: Chrome failed to start: exited abnormally.\n  (unknown error: DevToolsActivePort file doesn't exist)\n  (The process started from chrome location /usr/bin/google-chrome is no longer running, so ChromeDriver is assuming that Chrome has crashed.)\nStacktrace:\n#0 0x562df7cbe463 <unknown>\n#1 0x562df7a828d8 <unknown>\n#2 0x562df7aaab6a <unknown>\n#3 0x562df7aa5c05 <unknown>\n#4 0x562df7ae9802 <unknown>\n#5 0x562df7ae92af <unknown>\n#6 0x562df7ae1443 <unknown>\n#7 0x562df7ab23c5 <unknown>\n#8 0x562df7ab3531 <unknown>\n#9 0x562df7d10dce <unknown>\n#10 0x562df7d14192 <unknown>\n#11 0x562df7cf593e <unknown>\n#12 0x562df7d15103 <unknown>\n#13 0x562df7ce8d85 <unknown>\n#14 0x562df7d360a8 <unknown>\n#15 0x562df7d36239 <unknown>\n#16 0x562df7d51492 <unknown>\n#17 0x7f17a9f62b43 <unknown>\n\n","statusTrace":"  File \"/home/runner/work/Saucedemo_05/Saucedemo_05/.venv/lib/python3.10/site-packages/pluggy/_callers.py\", line 39, in _multicall\n    res = hook_impl.function(*args)\n  File \"/home/runner/work/Saucedemo_05/Saucedemo_05/.venv/lib/python3.10/site-packages/_pytest/fixtures.py\", line 1128, in pytest_fixture_setup\n    result = call_fixture_func(fixturefunc, request, kwargs)\n  File \"/home/runner/work/Saucedemo_05/Saucedemo_05/.venv/lib/python3.10/site-packages/_pytest/fixtures.py\", line 900, in call_fixture_func\n    fixture_result = next(generator)\n  File \"/home/runner/work/Saucedemo_05/Saucedemo_05/conftest.py\", line 18, in browser\n    browser = webdriver.Chrome(ChromeDriverManager().install(), options=options)\n  File \"/home/runner/work/Saucedemo_05/Saucedemo_05/.venv/lib/python3.10/site-packages/selenium/webdriver/chrome/webdriver.py\", line 81, in __init__\n    super().__init__(\n  File \"/home/runner/work/Saucedemo_05/Saucedemo_05/.venv/lib/python3.10/site-packages/selenium/webdriver/chromium/webdriver.py\", line 106, in __init__\n    super().__init__(\n  File \"/home/runner/work/Saucedemo_05/Saucedemo_05/.venv/lib/python3.10/site-packages/selenium/webdriver/remote/webdriver.py\", line 288, in __init__\n    self.start_session(capabilities, browser_profile)\n  File \"/home/runner/work/Saucedemo_05/Saucedemo_05/.venv/lib/python3.10/site-packages/selenium/webdriver/remote/webdriver.py\", line 381, in start_session\n    response = self.execute(Command.NEW_SESSION, parameters)\n  File \"/home/runner/work/Saucedemo_05/Saucedemo_05/.venv/lib/python3.10/site-packages/selenium/webdriver/remote/webdriver.py\", line 444, in execute\n    self.error_handler.check_response(response)\n  File \"/home/runner/work/Saucedemo_05/Saucedemo_05/.venv/lib/python3.10/site-packages/selenium/webdriver/remote/errorhandler.py\", line 249, in check_response\n    raise exception_class(message, screen, stacktrace)\n","steps":[],"attachments":[],"parameters":[],"stepsCount":0,"attachmentsCount":0,"shouldDisplayMessage":true,"hasContent":true}],"testStage":{"status":"broken","statusMessage":"selenium.common.exceptions.WebDriverException: Message: unknown error: Chrome failed to start: exited abnormally.\n  (unknown error: DevToolsActivePort file doesn't exist)\n  (The process started from chrome location /usr/bin/google-chrome is no longer running, so ChromeDriver is assuming that Chrome has crashed.)\nStacktrace:\n#0 0x562df7cbe463 <unknown>\n#1 0x562df7a828d8 <unknown>\n#2 0x562df7aaab6a <unknown>\n#3 0x562df7aa5c05 <unknown>\n#4 0x562df7ae9802 <unknown>\n#5 0x562df7ae92af <unknown>\n#6 0x562df7ae1443 <unknown>\n#7 0x562df7ab23c5 <unknown>\n#8 0x562df7ab3531 <unknown>\n#9 0x562df7d10dce <unknown>\n#10 0x562df7d14192 <unknown>\n#11 0x562df7cf593e <unknown>\n#12 0x562df7d15103 <unknown>\n#13 0x562df7ce8d85 <unknown>\n#14 0x562df7d360a8 <unknown>\n#15 0x562df7d36239 <unknown>\n#16 0x562df7d51492 <unknown>\n#17 0x7f17a9f62b43 <unknown>","statusTrace":"request = <SubRequest 'browser' for <Function test_login_positive[performance_glitch_user]>>\nheadless = False\n\n    @pytest.fixture(autouse=True)\n    def browser(request, headless):\n        browser = request.config.getoption(\"--launch\")\n        options = webdriver.ChromeOptions()\n        options.add_argument(\"--window-size=1600,1080\")\n        options.headless = headless\n        logging.info('start logs')\n>       browser = webdriver.Chrome(ChromeDriverManager().install(), options=options)\n\nconftest.py:18: \n_ _ _ _ _ _ _ _ _ _ _ _ _ _ _ _ _ _ _ _ _ _ _ _ _ _ _ _ _ _ _ _ _ _ _ _ _ _ _ _ \n.venv/lib/python3.10/site-packages/selenium/webdriver/chrome/webdriver.py:81: in __init__\n    super().__init__(\n.venv/lib/python3.10/site-packages/selenium/webdriver/chromium/webdriver.py:106: in __init__\n    super().__init__(\n.venv/lib/python3.10/site-packages/selenium/webdriver/remote/webdriver.py:288: in __init__\n    self.start_session(capabilities, browser_profile)\n.venv/lib/python3.10/site-packages/selenium/webdriver/remote/webdriver.py:381: in start_session\n    response = self.execute(Command.NEW_SESSION, parameters)\n.venv/lib/python3.10/site-packages/selenium/webdriver/remote/webdriver.py:444: in execute\n    self.error_handler.check_response(response)\n_ _ _ _ _ _ _ _ _ _ _ _ _ _ _ _ _ _ _ _ _ _ _ _ _ _ _ _ _ _ _ _ _ _ _ _ _ _ _ _ \n\nself = <selenium.webdriver.remote.errorhandler.ErrorHandler object at 0x7f544daf5ff0>\nresponse = {'status': 500, 'value': '{\"value\":{\"error\":\"unknown error\",\"message\":\"unknown error: Chrome failed to start: exited a...\\\\n#15 0x562df7d36239 \\\\u003Cunknown>\\\\n#16 0x562df7d51492 \\\\u003Cunknown>\\\\n#17 0x7f17a9f62b43 \\\\u003Cunknown>\\\\n\"}}'}\n\n    def check_response(self, response: Dict[str, Any]) -> None:\n        \"\"\"\n        Checks that a JSON response from the WebDriver does not have an error.\n    \n        :Args:\n         - response - The JSON response from the WebDriver server as a dictionary\n           object.\n    \n        :Raises: If the response contains an error message.\n        \"\"\"\n        status = response.get(\"status\", None)\n        if not status or status == ErrorCode.SUCCESS:\n            return\n        value = None\n        message = response.get(\"message\", \"\")\n        screen: str = response.get(\"screen\", \"\")\n        stacktrace = None\n        if isinstance(status, int):\n            value_json = response.get(\"value\", None)\n            if value_json and isinstance(value_json, str):\n                import json\n    \n                try:\n                    value = json.loads(value_json)\n                    if len(value.keys()) == 1:\n                        value = value[\"value\"]\n                    status = value.get(\"error\", None)\n                    if not status:\n                        status = value.get(\"status\", ErrorCode.UNKNOWN_ERROR)\n                        message = value.get(\"value\") or value.get(\"message\")\n                        if not isinstance(message, str):\n                            value = message\n                            message = message.get(\"message\")\n                    else:\n                        message = value.get(\"message\", None)\n                except ValueError:\n                    pass\n    \n        exception_class: Type[WebDriverException]\n        if status in ErrorCode.NO_SUCH_ELEMENT:\n            exception_class = NoSuchElementException\n        elif status in ErrorCode.NO_SUCH_FRAME:\n            exception_class = NoSuchFrameException\n        elif status in ErrorCode.NO_SUCH_SHADOW_ROOT:\n            exception_class = NoSuchShadowRootException\n        elif status in ErrorCode.NO_SUCH_WINDOW:\n            exception_class = NoSuchWindowException\n        elif status in ErrorCode.STALE_ELEMENT_REFERENCE:\n            exception_class = StaleElementReferenceException\n        elif status in ErrorCode.ELEMENT_NOT_VISIBLE:\n            exception_class = ElementNotVisibleException\n        elif status in ErrorCode.INVALID_ELEMENT_STATE:\n            exception_class = InvalidElementStateException\n        elif (\n            status in ErrorCode.INVALID_SELECTOR\n            or status in ErrorCode.INVALID_XPATH_SELECTOR\n            or status in ErrorCode.INVALID_XPATH_SELECTOR_RETURN_TYPER\n        ):\n            exception_class = InvalidSelectorException\n        elif status in ErrorCode.ELEMENT_IS_NOT_SELECTABLE:\n            exception_class = ElementNotSelectableException\n        elif status in ErrorCode.ELEMENT_NOT_INTERACTABLE:\n            exception_class = ElementNotInteractableException\n        elif status in ErrorCode.INVALID_COOKIE_DOMAIN:\n            exception_class = InvalidCookieDomainException\n        elif status in ErrorCode.UNABLE_TO_SET_COOKIE:\n            exception_class = UnableToSetCookieException\n        elif status in ErrorCode.TIMEOUT:\n            exception_class = TimeoutException\n        elif status in ErrorCode.SCRIPT_TIMEOUT:\n            exception_class = TimeoutException\n        elif status in ErrorCode.UNKNOWN_ERROR:\n            exception_class = WebDriverException\n        elif status in ErrorCode.UNEXPECTED_ALERT_OPEN:\n            exception_class = UnexpectedAlertPresentException\n        elif status in ErrorCode.NO_ALERT_OPEN:\n            exception_class = NoAlertPresentException\n        elif status in ErrorCode.IME_NOT_AVAILABLE:\n            exception_class = ImeNotAvailableException\n        elif status in ErrorCode.IME_ENGINE_ACTIVATION_FAILED:\n            exception_class = ImeActivationFailedException\n        elif status in ErrorCode.MOVE_TARGET_OUT_OF_BOUNDS:\n            exception_class = MoveTargetOutOfBoundsException\n        elif status in ErrorCode.JAVASCRIPT_ERROR:\n            exception_class = JavascriptException\n        elif status in ErrorCode.SESSION_NOT_CREATED:\n            exception_class = SessionNotCreatedException\n        elif status in ErrorCode.INVALID_ARGUMENT:\n            exception_class = InvalidArgumentException\n        elif status in ErrorCode.NO_SUCH_COOKIE:\n            exception_class = NoSuchCookieException\n        elif status in ErrorCode.UNABLE_TO_CAPTURE_SCREEN:\n            exception_class = ScreenshotException\n        elif status in ErrorCode.ELEMENT_CLICK_INTERCEPTED:\n            exception_class = ElementClickInterceptedException\n        elif status in ErrorCode.INSECURE_CERTIFICATE:\n            exception_class = InsecureCertificateException\n        elif status in ErrorCode.INVALID_COORDINATES:\n            exception_class = InvalidCoordinatesException\n        elif status in ErrorCode.INVALID_SESSION_ID:\n            exception_class = InvalidSessionIdException\n        elif status in ErrorCode.UNKNOWN_METHOD:\n            exception_class = UnknownMethodException\n        else:\n            exception_class = WebDriverException\n        if not value:\n            value = response[\"value\"]\n        if isinstance(value, str):\n            raise exception_class(value)\n        if message == \"\" and \"message\" in value:\n            message = value[\"message\"]\n    \n        screen = None  # type: ignore[assignment]\n        if \"screen\" in value:\n            screen = value[\"screen\"]\n    \n        stacktrace = None\n        st_value = value.get(\"stackTrace\") or value.get(\"stacktrace\")\n        if st_value:\n            if isinstance(st_value, str):\n                stacktrace = st_value.split(\"\\n\")\n            else:\n                stacktrace = []\n                try:\n                    for frame in st_value:\n                        line = frame.get(\"lineNumber\", \"\")\n                        file = frame.get(\"fileName\", \"<anonymous>\")\n                        if line:\n                            file = f\"{file}:{line}\"\n                        meth = frame.get(\"methodName\", \"<anonymous>\")\n                        if \"className\" in frame:\n                            meth = \"{}.{}\".format(frame[\"className\"], meth)\n                        msg = \"    at %s (%s)\"\n                        msg = msg % (meth, file)\n                        stacktrace.append(msg)\n                except TypeError:\n                    pass\n        if exception_class == UnexpectedAlertPresentException:\n            alert_text = None\n            if \"data\" in value:\n                alert_text = value[\"data\"].get(\"text\")\n            elif \"alert\" in value:\n                alert_text = value[\"alert\"].get(\"text\")\n            raise exception_class(message, screen, stacktrace, alert_text)  # type: ignore[call-arg]  # mypy is not smart enough here\n>       raise exception_class(message, screen, stacktrace)\nE       selenium.common.exceptions.WebDriverException: Message: unknown error: Chrome failed to start: exited abnormally.\nE         (unknown error: DevToolsActivePort file doesn't exist)\nE         (The process started from chrome location /usr/bin/google-chrome is no longer running, so ChromeDriver is assuming that Chrome has crashed.)\nE       Stacktrace:\nE       #0 0x562df7cbe463 <unknown>\nE       #1 0x562df7a828d8 <unknown>\nE       #2 0x562df7aaab6a <unknown>\nE       #3 0x562df7aa5c05 <unknown>\nE       #4 0x562df7ae9802 <unknown>\nE       #5 0x562df7ae92af <unknown>\nE       #6 0x562df7ae1443 <unknown>\nE       #7 0x562df7ab23c5 <unknown>\nE       #8 0x562df7ab3531 <unknown>\nE       #9 0x562df7d10dce <unknown>\nE       #10 0x562df7d14192 <unknown>\nE       #11 0x562df7cf593e <unknown>\nE       #12 0x562df7d15103 <unknown>\nE       #13 0x562df7ce8d85 <unknown>\nE       #14 0x562df7d360a8 <unknown>\nE       #15 0x562df7d36239 <unknown>\nE       #16 0x562df7d51492 <unknown>\nE       #17 0x7f17a9f62b43 <unknown>\n\n.venv/lib/python3.10/site-packages/selenium/webdriver/remote/errorhandler.py:249: WebDriverException","steps":[],"attachments":[{"uid":"93232c29daed44fa","name":"stderr","source":"93232c29daed44fa.txt","type":"text/plain","size":235}],"parameters":[],"stepsCount":0,"attachmentsCount":1,"shouldDisplayMessage":true,"hasContent":true},"afterStages":[],"labels":[{"name":"story","value":"US_001.00"},{"name":"parentSuite","value":"tests"},{"name":"suite","value":"test_login"},{"name":"subSuite","value":"TestAuthorizationClass"},{"name":"host","value":"fv-az570-664"},{"name":"thread","value":"2677-MainThread"},{"name":"framework","value":"pytest"},{"name":"language","value":"cpython3"},{"name":"package","value":"tests.test_login"},{"name":"resultFormat","value":"allure2"}],"parameters":[{"name":"password","value":"'secret_sauce'"},{"name":"user","value":"'performance_glitch_user'"}],"links":[],"hidden":false,"retry":false,"extra":{"severity":"normal","retries":[],"categories":[{"name":"Test defects","matchedStatuses":[],"flaky":false}],"history":{"statistic":{"failed":0,"broken":6,"skipped":0,"passed":0,"unknown":0,"total":6},"items":[{"uid":"b1e3d9909bdd4c5b","reportUrl":"https://FireDucks05.github.io/Saucedemo_05/69//#testresult/b1e3d9909bdd4c5b","status":"broken","statusDetails":"selenium.common.exceptions.WebDriverException: Message: unknown error: Chrome failed to start: exited abnormally.\n  (unknown error: DevToolsActivePort file doesn't exist)\n  (The process started from chrome location /usr/bin/google-chrome is no longer running, so ChromeDriver is assuming that Chrome has crashed.)\nStacktrace:\n#0 0x561041894463 <unknown>\n#1 0x5610416588d8 <unknown>\n#2 0x561041680b6a <unknown>\n#3 0x56104167bc05 <unknown>\n#4 0x5610416bf802 <unknown>\n#5 0x5610416bf2af <unknown>\n#6 0x5610416b7443 <unknown>\n#7 0x5610416883c5 <unknown>\n#8 0x561041689531 <unknown>\n#9 0x5610418e6dce <unknown>\n#10 0x5610418ea192 <unknown>\n#11 0x5610418cb93e <unknown>\n#12 0x5610418eb103 <unknown>\n#13 0x5610418bed85 <unknown>\n#14 0x56104190c0a8 <unknown>\n#15 0x56104190c239 <unknown>\n#16 0x561041927492 <unknown>\n#17 0x7fd1143d4b43 <unknown>","time":{"start":1669158635937,"stop":1669158635937,"duration":0}},{"uid":"b290994b3573dfcf","reportUrl":"https://FireDucks05.github.io/Saucedemo_05/56//#testresult/b290994b3573dfcf","status":"broken","statusDetails":"selenium.common.exceptions.WebDriverException: Message: unknown error: Chrome failed to start: exited abnormally.\n  (unknown error: DevToolsActivePort file doesn't exist)\n  (The process started from chrome location /usr/bin/google-chrome is no longer running, so ChromeDriver is assuming that Chrome has crashed.)\nStacktrace:\n#0 0x5559d7b3b463 <unknown>\n#1 0x5559d78ff8d8 <unknown>\n#2 0x5559d7927b6a <unknown>\n#3 0x5559d7922c05 <unknown>\n#4 0x5559d7966802 <unknown>\n#5 0x5559d79662af <unknown>\n#6 0x5559d795e443 <unknown>\n#7 0x5559d792f3c5 <unknown>\n#8 0x5559d7930531 <unknown>\n#9 0x5559d7b8ddce <unknown>\n#10 0x5559d7b91192 <unknown>\n#11 0x5559d7b7293e <unknown>\n#12 0x5559d7b92103 <unknown>\n#13 0x5559d7b65d85 <unknown>\n#14 0x5559d7bb30a8 <unknown>\n#15 0x5559d7bb3239 <unknown>\n#16 0x5559d7bce492 <unknown>\n#17 0x7f842e326b43 <unknown>","time":{"start":1669088875450,"stop":1669088875450,"duration":0}},{"uid":"c00ef20346dc8e26","reportUrl":"https://FireDucks05.github.io/Saucedemo_05/53//#testresult/c00ef20346dc8e26","status":"broken","statusDetails":"selenium.common.exceptions.WebDriverException: Message: unknown error: Chrome failed to start: exited abnormally.\n  (unknown error: DevToolsActivePort file doesn't exist)\n  (The process started from chrome location /usr/bin/google-chrome is no longer running, so ChromeDriver is assuming that Chrome has crashed.)\nStacktrace:\n#0 0x5592bb568463 <unknown>\n#1 0x5592bb32c8d8 <unknown>\n#2 0x5592bb354b6a <unknown>\n#3 0x5592bb34fc05 <unknown>\n#4 0x5592bb393802 <unknown>\n#5 0x5592bb3932af <unknown>\n#6 0x5592bb38b443 <unknown>\n#7 0x5592bb35c3c5 <unknown>\n#8 0x5592bb35d531 <unknown>\n#9 0x5592bb5badce <unknown>\n#10 0x5592bb5be192 <unknown>\n#11 0x5592bb59f93e <unknown>\n#12 0x5592bb5bf103 <unknown>\n#13 0x5592bb592d85 <unknown>\n#14 0x5592bb5e00a8 <unknown>\n#15 0x5592bb5e0239 <unknown>\n#16 0x5592bb5fb492 <unknown>\n#17 0x7fbc67e92b43 <unknown>","time":{"start":1669088272212,"stop":1669088272212,"duration":0}},{"uid":"abc30be6e8aef5db","reportUrl":"https://FireDucks05.github.io/Saucedemo_05/52//#testresult/abc30be6e8aef5db","status":"broken","statusDetails":"selenium.common.exceptions.WebDriverException: Message: unknown error: Chrome failed to start: exited abnormally.\n  (unknown error: DevToolsActivePort file doesn't exist)\n  (The process started from chrome location /usr/bin/google-chrome is no longer running, so ChromeDriver is assuming that Chrome has crashed.)\nStacktrace:\n#0 0x55ad06c68463 <unknown>\n#1 0x55ad06a2c8d8 <unknown>\n#2 0x55ad06a54b6a <unknown>\n#3 0x55ad06a4fc05 <unknown>\n#4 0x55ad06a93802 <unknown>\n#5 0x55ad06a932af <unknown>\n#6 0x55ad06a8b443 <unknown>\n#7 0x55ad06a5c3c5 <unknown>\n#8 0x55ad06a5d531 <unknown>\n#9 0x55ad06cbadce <unknown>\n#10 0x55ad06cbe192 <unknown>\n#11 0x55ad06c9f93e <unknown>\n#12 0x55ad06cbf103 <unknown>\n#13 0x55ad06c92d85 <unknown>\n#14 0x55ad06ce00a8 <unknown>\n#15 0x55ad06ce0239 <unknown>\n#16 0x55ad06cfb492 <unknown>\n#17 0x7fba6be88b43 <unknown>","time":{"start":1669086986900,"stop":1669086986900,"duration":0}},{"uid":"b19742918fcf7265","reportUrl":"https://FireDucks05.github.io/Saucedemo_05/51//#testresult/b19742918fcf7265","status":"broken","statusDetails":"selenium.common.exceptions.WebDriverException: Message: unknown error: Chrome failed to start: exited abnormally.\n  (unknown error: DevToolsActivePort file doesn't exist)\n  (The process started from chrome location /usr/bin/google-chrome is no longer running, so ChromeDriver is assuming that Chrome has crashed.)\nStacktrace:\n#0 0x55bd79cb8463 <unknown>\n#1 0x55bd79a7c8d8 <unknown>\n#2 0x55bd79aa4b6a <unknown>\n#3 0x55bd79a9fc05 <unknown>\n#4 0x55bd79ae3802 <unknown>\n#5 0x55bd79ae32af <unknown>\n#6 0x55bd79adb443 <unknown>\n#7 0x55bd79aac3c5 <unknown>\n#8 0x55bd79aad531 <unknown>\n#9 0x55bd79d0adce <unknown>\n#10 0x55bd79d0e192 <unknown>\n#11 0x55bd79cef93e <unknown>\n#12 0x55bd79d0f103 <unknown>\n#13 0x55bd79ce2d85 <unknown>\n#14 0x55bd79d300a8 <unknown>\n#15 0x55bd79d30239 <unknown>\n#16 0x55bd79d4b492 <unknown>\n#17 0x7fda0dd00b43 <unknown>","time":{"start":1669086347872,"stop":1669086347872,"duration":0}}]},"tags":[]},"source":"12f39d79070d894a.json","parameterValues":["'secret_sauce'","'performance_glitch_user'"]}