{"uid":"768b7a1b293afe5a","name":"Negative login","fullName":"tests.test_login.TestAuthorizationClass#test_login_negative","historyId":"6635d0b35f37e7ac0114541c027f6579","time":{"start":1669161302828,"stop":1669161308233,"duration":5405},"status":"skipped","statusMessage":"XFAIL\n\nAssertionError: assert False\n +  where False = <bound method BasePage.page_is_open of <pages.login_page.LoginPage object at 0x7f6524514940>>(url='https://www.saucedemo.com/inventory.html')\n +    where <bound method BasePage.page_is_open of <pages.login_page.LoginPage object at 0x7f6524514940>> = <pages.login_page.LoginPage object at 0x7f6524514940>.page_is_open\n +      where <pages.login_page.LoginPage object at 0x7f6524514940> = <tests.test_login.TestAuthorizationClass object at 0x7f65245a6020>.login_page","statusTrace":"self = <tests.test_login.TestAuthorizationClass object at 0x7f65245a6020>\n\n    @allure.story('US_001.00')\n    @allure.title(\"Negative login\")\n    @pytest.mark.xfail()\n    def test_login_negative(self):\n        self.login_page.login_ui(\n            NEGATIVE_LOGIN_CREDENTIALS[\"user\"], NEGATIVE_LOGIN_CREDENTIALS[\"password\"]\n        )\n>       assert self.login_page.page_is_open(\n            url=\"https://www.saucedemo.com/inventory.html\"\n        )\nE       AssertionError: assert False\nE        +  where False = <bound method BasePage.page_is_open of <pages.login_page.LoginPage object at 0x7f6524514940>>(url='https://www.saucedemo.com/inventory.html')\nE        +    where <bound method BasePage.page_is_open of <pages.login_page.LoginPage object at 0x7f6524514940>> = <pages.login_page.LoginPage object at 0x7f6524514940>.page_is_open\nE        +      where <pages.login_page.LoginPage object at 0x7f6524514940> = <tests.test_login.TestAuthorizationClass object at 0x7f65245a6020>.login_page\n\ntests/test_login.py:46: AssertionError","flaky":false,"newFailed":false,"newBroken":false,"newPassed":false,"retriesCount":0,"retriesStatusChange":false,"beforeStages":[{"name":"headless","time":{"start":1669161291554,"stop":1669161291554,"duration":0},"status":"passed","steps":[],"attachments":[],"parameters":[],"stepsCount":0,"attachmentsCount":0,"shouldDisplayMessage":false,"hasContent":false},{"name":"browser","time":{"start":1669161301815,"stop":1669161302669,"duration":854},"status":"passed","steps":[],"attachments":[],"parameters":[],"stepsCount":0,"attachmentsCount":0,"shouldDisplayMessage":false,"hasContent":false},{"name":"setup","time":{"start":1669161302670,"stop":1669161302827,"duration":157},"status":"passed","steps":[],"attachments":[],"parameters":[],"stepsCount":0,"attachmentsCount":0,"shouldDisplayMessage":false,"hasContent":false},{"name":"url","time":{"start":1669161302670,"stop":1669161302670,"duration":0},"status":"passed","steps":[],"attachments":[],"parameters":[],"stepsCount":0,"attachmentsCount":0,"shouldDisplayMessage":false,"hasContent":false}],"testStage":{"status":"skipped","statusMessage":"XFAIL\n\nAssertionError: assert False\n +  where False = <bound method BasePage.page_is_open of <pages.login_page.LoginPage object at 0x7f6524514940>>(url='https://www.saucedemo.com/inventory.html')\n +    where <bound method BasePage.page_is_open of <pages.login_page.LoginPage object at 0x7f6524514940>> = <pages.login_page.LoginPage object at 0x7f6524514940>.page_is_open\n +      where <pages.login_page.LoginPage object at 0x7f6524514940> = <tests.test_login.TestAuthorizationClass object at 0x7f65245a6020>.login_page","statusTrace":"self = <tests.test_login.TestAuthorizationClass object at 0x7f65245a6020>\n\n    @allure.story('US_001.00')\n    @allure.title(\"Negative login\")\n    @pytest.mark.xfail()\n    def test_login_negative(self):\n        self.login_page.login_ui(\n            NEGATIVE_LOGIN_CREDENTIALS[\"user\"], NEGATIVE_LOGIN_CREDENTIALS[\"password\"]\n        )\n>       assert self.login_page.page_is_open(\n            url=\"https://www.saucedemo.com/inventory.html\"\n        )\nE       AssertionError: assert False\nE        +  where False = <bound method BasePage.page_is_open of <pages.login_page.LoginPage object at 0x7f6524514940>>(url='https://www.saucedemo.com/inventory.html')\nE        +    where <bound method BasePage.page_is_open of <pages.login_page.LoginPage object at 0x7f6524514940>> = <pages.login_page.LoginPage object at 0x7f6524514940>.page_is_open\nE        +      where <pages.login_page.LoginPage object at 0x7f6524514940> = <tests.test_login.TestAuthorizationClass object at 0x7f65245a6020>.login_page\n\ntests/test_login.py:46: AssertionError","steps":[],"attachments":[{"uid":"48497699cf45a9dc","name":"log","source":"48497699cf45a9dc.txt","type":"text/plain","size":67}],"parameters":[],"stepsCount":0,"attachmentsCount":1,"shouldDisplayMessage":true,"hasContent":true},"afterStages":[{"name":"browser::0","time":{"start":1669161308280,"stop":1669161308338,"duration":58},"status":"passed","steps":[],"attachments":[],"parameters":[],"stepsCount":0,"attachmentsCount":0,"shouldDisplayMessage":false,"hasContent":false}],"labels":[{"name":"story","value":"US_001.00"},{"name":"tag","value":"@pytest.mark.xfail"},{"name":"parentSuite","value":"tests"},{"name":"suite","value":"test_login"},{"name":"subSuite","value":"TestAuthorizationClass"},{"name":"host","value":"fv-az404-797"},{"name":"thread","value":"2638-MainThread"},{"name":"framework","value":"pytest"},{"name":"language","value":"cpython3"},{"name":"package","value":"tests.test_login"},{"name":"resultFormat","value":"allure2"}],"parameters":[],"links":[],"hidden":false,"retry":false,"extra":{"severity":"normal","retries":[],"categories":[],"history":{"statistic":{"failed":0,"broken":0,"skipped":9,"passed":0,"unknown":0,"total":9},"items":[{"uid":"cfc0819f2e2a6772","reportUrl":"https://FireDucks05.github.io/Saucedemo_05/73//#testresult/cfc0819f2e2a6772","status":"skipped","statusDetails":"XFAIL\n\nselenium.common.exceptions.WebDriverException: Message: unknown error: Chrome failed to start: exited abnormally.\n  (unknown error: DevToolsActivePort file doesn't exist)\n  (The process started from chrome location /usr/bin/google-chrome is no longer running, so ChromeDriver is assuming that Chrome has crashed.)\nStacktrace:\n#0 0x55f56fd57463 <unknown>\n#1 0x55f56fb1b8d8 <unknown>\n#2 0x55f56fb43b6a <unknown>\n#3 0x55f56fb3ec05 <unknown>\n#4 0x55f56fb82802 <unknown>\n#5 0x55f56fb822af <unknown>\n#6 0x55f56fb7a443 <unknown>\n#7 0x55f56fb4b3c5 <unknown>\n#8 0x55f56fb4c531 <unknown>\n#9 0x55f56fda9dce <unknown>\n#10 0x55f56fdad192 <unknown>\n#11 0x55f56fd8e93e <unknown>\n#12 0x55f56fdae103 <unknown>\n#13 0x55f56fd81d85 <unknown>\n#14 0x55f56fdcf0a8 <unknown>\n#15 0x55f56fdcf239 <unknown>\n#16 0x55f56fdea492 <unknown>\n#17 0x7f0972eadb43 <unknown>","time":{"start":1669160843298,"stop":1669160843298,"duration":0}},{"uid":"85d1f52895012d80","reportUrl":"https://FireDucks05.github.io/Saucedemo_05/71//#testresult/85d1f52895012d80","status":"skipped","statusDetails":"XFAIL\n\nselenium.common.exceptions.WebDriverException: Message: unknown error: Chrome failed to start: exited abnormally.\n  (unknown error: DevToolsActivePort file doesn't exist)\n  (The process started from chrome location /usr/bin/google-chrome is no longer running, so ChromeDriver is assuming that Chrome has crashed.)\nStacktrace:\n#0 0x55e6daab1463 <unknown>\n#1 0x55e6da8758d8 <unknown>\n#2 0x55e6da89db6a <unknown>\n#3 0x55e6da898c05 <unknown>\n#4 0x55e6da8dc802 <unknown>\n#5 0x55e6da8dc2af <unknown>\n#6 0x55e6da8d4443 <unknown>\n#7 0x55e6da8a53c5 <unknown>\n#8 0x55e6da8a6531 <unknown>\n#9 0x55e6dab03dce <unknown>\n#10 0x55e6dab07192 <unknown>\n#11 0x55e6daae893e <unknown>\n#12 0x55e6dab08103 <unknown>\n#13 0x55e6daadbd85 <unknown>\n#14 0x55e6dab290a8 <unknown>\n#15 0x55e6dab29239 <unknown>\n#16 0x55e6dab44492 <unknown>\n#17 0x7f0a7535cb43 <unknown>","time":{"start":1669159936780,"stop":1669159936780,"duration":0}},{"uid":"347d49c839d9db66","reportUrl":"https://FireDucks05.github.io/Saucedemo_05/70//#testresult/347d49c839d9db66","status":"skipped","statusDetails":"XFAIL\n\nselenium.common.exceptions.WebDriverException: Message: unknown error: Chrome failed to start: exited abnormally.\n  (unknown error: DevToolsActivePort file doesn't exist)\n  (The process started from chrome location /usr/bin/google-chrome is no longer running, so ChromeDriver is assuming that Chrome has crashed.)\nStacktrace:\n#0 0x55dba58c0463 <unknown>\n#1 0x55dba56848d8 <unknown>\n#2 0x55dba56acb6a <unknown>\n#3 0x55dba56a7c05 <unknown>\n#4 0x55dba56eb802 <unknown>\n#5 0x55dba56eb2af <unknown>\n#6 0x55dba56e3443 <unknown>\n#7 0x55dba56b43c5 <unknown>\n#8 0x55dba56b5531 <unknown>\n#9 0x55dba5912dce <unknown>\n#10 0x55dba5916192 <unknown>\n#11 0x55dba58f793e <unknown>\n#12 0x55dba5917103 <unknown>\n#13 0x55dba58ead85 <unknown>\n#14 0x55dba59380a8 <unknown>\n#15 0x55dba5938239 <unknown>\n#16 0x55dba5953492 <unknown>\n#17 0x7fa123910b43 <unknown>","time":{"start":1669159190814,"stop":1669159190814,"duration":0}},{"uid":"ea7d0f3d5784d938","reportUrl":"https://FireDucks05.github.io/Saucedemo_05/69//#testresult/ea7d0f3d5784d938","status":"skipped","statusDetails":"XFAIL\n\nselenium.common.exceptions.WebDriverException: Message: unknown error: Chrome failed to start: exited abnormally.\n  (unknown error: DevToolsActivePort file doesn't exist)\n  (The process started from chrome location /usr/bin/google-chrome is no longer running, so ChromeDriver is assuming that Chrome has crashed.)\nStacktrace:\n#0 0x55635e327463 <unknown>\n#1 0x55635e0eb8d8 <unknown>\n#2 0x55635e113b6a <unknown>\n#3 0x55635e10ec05 <unknown>\n#4 0x55635e152802 <unknown>\n#5 0x55635e1522af <unknown>\n#6 0x55635e14a443 <unknown>\n#7 0x55635e11b3c5 <unknown>\n#8 0x55635e11c531 <unknown>\n#9 0x55635e379dce <unknown>\n#10 0x55635e37d192 <unknown>\n#11 0x55635e35e93e <unknown>\n#12 0x55635e37e103 <unknown>\n#13 0x55635e351d85 <unknown>\n#14 0x55635e39f0a8 <unknown>\n#15 0x55635e39f239 <unknown>\n#16 0x55635e3ba492 <unknown>\n#17 0x7fa1232afb43 <unknown>","time":{"start":1669158639121,"stop":1669158639121,"duration":0}},{"uid":"a9eea511e84f1e2","reportUrl":"https://FireDucks05.github.io/Saucedemo_05/56//#testresult/a9eea511e84f1e2","status":"skipped","statusDetails":"XFAIL\n\nselenium.common.exceptions.WebDriverException: Message: unknown error: Chrome failed to start: exited abnormally.\n  (unknown error: DevToolsActivePort file doesn't exist)\n  (The process started from chrome location /usr/bin/google-chrome is no longer running, so ChromeDriver is assuming that Chrome has crashed.)\nStacktrace:\n#0 0x558530fa3463 <unknown>\n#1 0x558530d678d8 <unknown>\n#2 0x558530d8fb6a <unknown>\n#3 0x558530d8ac05 <unknown>\n#4 0x558530dce802 <unknown>\n#5 0x558530dce2af <unknown>\n#6 0x558530dc6443 <unknown>\n#7 0x558530d973c5 <unknown>\n#8 0x558530d98531 <unknown>\n#9 0x558530ff5dce <unknown>\n#10 0x558530ff9192 <unknown>\n#11 0x558530fda93e <unknown>\n#12 0x558530ffa103 <unknown>\n#13 0x558530fcdd85 <unknown>\n#14 0x55853101b0a8 <unknown>\n#15 0x55853101b239 <unknown>\n#16 0x558531036492 <unknown>\n#17 0x7f159ba5fb43 <unknown>","time":{"start":1669088876275,"stop":1669088876275,"duration":0}},{"uid":"fbb8ee27685b073e","reportUrl":"https://FireDucks05.github.io/Saucedemo_05/53//#testresult/fbb8ee27685b073e","status":"skipped","statusDetails":"XFAIL\n\nselenium.common.exceptions.WebDriverException: Message: unknown error: Chrome failed to start: exited abnormally.\n  (unknown error: DevToolsActivePort file doesn't exist)\n  (The process started from chrome location /usr/bin/google-chrome is no longer running, so ChromeDriver is assuming that Chrome has crashed.)\nStacktrace:\n#0 0x565150208463 <unknown>\n#1 0x56514ffcc8d8 <unknown>\n#2 0x56514fff4b6a <unknown>\n#3 0x56514ffefc05 <unknown>\n#4 0x565150033802 <unknown>\n#5 0x5651500332af <unknown>\n#6 0x56515002b443 <unknown>\n#7 0x56514fffc3c5 <unknown>\n#8 0x56514fffd531 <unknown>\n#9 0x56515025adce <unknown>\n#10 0x56515025e192 <unknown>\n#11 0x56515023f93e <unknown>\n#12 0x56515025f103 <unknown>\n#13 0x565150232d85 <unknown>\n#14 0x5651502800a8 <unknown>\n#15 0x565150280239 <unknown>\n#16 0x56515029b492 <unknown>\n#17 0x7f495161fb43 <unknown>","time":{"start":1669088273093,"stop":1669088273093,"duration":0}},{"uid":"8d5cc80ff53fe1e","reportUrl":"https://FireDucks05.github.io/Saucedemo_05/52//#testresult/8d5cc80ff53fe1e","status":"skipped","statusDetails":"XFAIL\n\nselenium.common.exceptions.WebDriverException: Message: unknown error: Chrome failed to start: exited abnormally.\n  (unknown error: DevToolsActivePort file doesn't exist)\n  (The process started from chrome location /usr/bin/google-chrome is no longer running, so ChromeDriver is assuming that Chrome has crashed.)\nStacktrace:\n#0 0x55adfd1ba463 <unknown>\n#1 0x55adfcf7e8d8 <unknown>\n#2 0x55adfcfa6b6a <unknown>\n#3 0x55adfcfa1c05 <unknown>\n#4 0x55adfcfe5802 <unknown>\n#5 0x55adfcfe52af <unknown>\n#6 0x55adfcfdd443 <unknown>\n#7 0x55adfcfae3c5 <unknown>\n#8 0x55adfcfaf531 <unknown>\n#9 0x55adfd20cdce <unknown>\n#10 0x55adfd210192 <unknown>\n#11 0x55adfd1f193e <unknown>\n#12 0x55adfd211103 <unknown>\n#13 0x55adfd1e4d85 <unknown>\n#14 0x55adfd2320a8 <unknown>\n#15 0x55adfd232239 <unknown>\n#16 0x55adfd24d492 <unknown>\n#17 0x7f1aa62aab43 <unknown>","time":{"start":1669086987715,"stop":1669086987715,"duration":0}},{"uid":"480ab5d8d2909139","reportUrl":"https://FireDucks05.github.io/Saucedemo_05/51//#testresult/480ab5d8d2909139","status":"skipped","statusDetails":"XFAIL\n\nselenium.common.exceptions.WebDriverException: Message: unknown error: Chrome failed to start: exited abnormally.\n  (unknown error: DevToolsActivePort file doesn't exist)\n  (The process started from chrome location /usr/bin/google-chrome is no longer running, so ChromeDriver is assuming that Chrome has crashed.)\nStacktrace:\n#0 0x55ab93354463 <unknown>\n#1 0x55ab931188d8 <unknown>\n#2 0x55ab93140b6a <unknown>\n#3 0x55ab9313bc05 <unknown>\n#4 0x55ab9317f802 <unknown>\n#5 0x55ab9317f2af <unknown>\n#6 0x55ab93177443 <unknown>\n#7 0x55ab931483c5 <unknown>\n#8 0x55ab93149531 <unknown>\n#9 0x55ab933a6dce <unknown>\n#10 0x55ab933aa192 <unknown>\n#11 0x55ab9338b93e <unknown>\n#12 0x55ab933ab103 <unknown>\n#13 0x55ab9337ed85 <unknown>\n#14 0x55ab933cc0a8 <unknown>\n#15 0x55ab933cc239 <unknown>\n#16 0x55ab933e7492 <unknown>\n#17 0x7f9ef3b4ab43 <unknown>","time":{"start":1669086348704,"stop":1669086348704,"duration":0}}]},"tags":["@pytest.mark.xfail"]},"source":"768b7a1b293afe5a.json","parameterValues":[]}