{"uid":"cebbb328959319ce","name":"Remove from cart","fullName":"tests.test_cart.test_inventory.TestCartClass#test_remove_from_cart","historyId":"aeee460c6e4eb3edf2659732c1d8f1fc","time":{"start":1669161324793,"stop":1669161329991,"duration":5198},"status":"passed","flaky":false,"newFailed":false,"newBroken":false,"newPassed":true,"retriesCount":0,"retriesStatusChange":false,"beforeStages":[{"name":"headless","time":{"start":1669161320437,"stop":1669161320437,"duration":0},"status":"passed","steps":[],"attachments":[],"parameters":[],"stepsCount":0,"attachmentsCount":0,"shouldDisplayMessage":false,"hasContent":false},{"name":"browser","time":{"start":1669161323466,"stop":1669161324281,"duration":815},"status":"passed","steps":[],"attachments":[],"parameters":[],"stepsCount":0,"attachmentsCount":0,"shouldDisplayMessage":false,"hasContent":false},{"name":"url","time":{"start":1669161324281,"stop":1669161324281,"duration":0},"status":"passed","steps":[],"attachments":[],"parameters":[],"stepsCount":0,"attachmentsCount":0,"shouldDisplayMessage":false,"hasContent":false},{"name":"login_standart","time":{"start":1669161324281,"stop":1669161324792,"duration":511},"status":"passed","steps":[],"attachments":[],"parameters":[],"stepsCount":0,"attachmentsCount":0,"shouldDisplayMessage":false,"hasContent":false},{"name":"setup","time":{"start":1669161324793,"stop":1669161324793,"duration":0},"status":"passed","steps":[],"attachments":[],"parameters":[],"stepsCount":0,"attachmentsCount":0,"shouldDisplayMessage":false,"hasContent":false}],"testStage":{"status":"passed","steps":[{"name":"step1 click on add button","time":{"start":1669161324793,"stop":1669161324857,"duration":64},"status":"passed","steps":[],"attachments":[],"parameters":[],"stepsCount":0,"attachmentsCount":0,"shouldDisplayMessage":false,"hasContent":false},{"name":"step3 text after adding","time":{"start":1669161324857,"stop":1669161324917,"duration":60},"status":"passed","steps":[],"attachments":[],"parameters":[],"stepsCount":0,"attachmentsCount":0,"shouldDisplayMessage":false,"hasContent":false},{"name":"step4 go to cart","time":{"start":1669161324917,"stop":1669161324944,"duration":27},"status":"passed","steps":[],"attachments":[],"parameters":[],"stepsCount":0,"attachmentsCount":0,"shouldDisplayMessage":false,"hasContent":false},{"name":"step4 check page","time":{"start":1669161324944,"stop":1669161329990,"duration":5046},"status":"passed","steps":[],"attachments":[],"parameters":[],"stepsCount":0,"attachmentsCount":0,"shouldDisplayMessage":false,"hasContent":false}],"attachments":[{"uid":"a251b32f1a9cdbc","name":"log","source":"a251b32f1a9cdbc.txt","type":"text/plain","size":67}],"parameters":[],"stepsCount":4,"attachmentsCount":1,"shouldDisplayMessage":false,"hasContent":true},"afterStages":[{"name":"browser::0","time":{"start":1669161329992,"stop":1669161330051,"duration":59},"status":"passed","steps":[],"attachments":[],"parameters":[],"stepsCount":0,"attachmentsCount":0,"shouldDisplayMessage":false,"hasContent":false}],"labels":[{"name":"epic","value":"US_002.00"},{"name":"story","value":"TC_002.00.03"},{"name":"parentSuite","value":"tests.test_cart"},{"name":"suite","value":"test_inventory"},{"name":"subSuite","value":"TestCartClass"},{"name":"host","value":"fv-az404-797"},{"name":"thread","value":"2638-MainThread"},{"name":"framework","value":"pytest"},{"name":"language","value":"cpython3"},{"name":"package","value":"tests.test_cart.test_inventory"},{"name":"resultFormat","value":"allure2"}],"parameters":[],"links":[],"hidden":false,"retry":false,"extra":{"severity":"normal","retries":[],"categories":[],"history":{"statistic":{"failed":0,"broken":5,"skipped":0,"passed":1,"unknown":0,"total":6},"items":[{"uid":"243a1e4ba2913765","reportUrl":"https://FireDucks05.github.io/Saucedemo_05/73//#testresult/243a1e4ba2913765","status":"broken","statusDetails":"selenium.common.exceptions.WebDriverException: Message: unknown error: Chrome failed to start: exited abnormally.\n  (unknown error: DevToolsActivePort file doesn't exist)\n  (The process started from chrome location /usr/bin/google-chrome is no longer running, so ChromeDriver is assuming that Chrome has crashed.)\nStacktrace:\n#0 0x55d2d061c463 <unknown>\n#1 0x55d2d03e08d8 <unknown>\n#2 0x55d2d0408b6a <unknown>\n#3 0x55d2d0403c05 <unknown>\n#4 0x55d2d0447802 <unknown>\n#5 0x55d2d04472af <unknown>\n#6 0x55d2d043f443 <unknown>\n#7 0x55d2d04103c5 <unknown>\n#8 0x55d2d0411531 <unknown>\n#9 0x55d2d066edce <unknown>\n#10 0x55d2d0672192 <unknown>\n#11 0x55d2d065393e <unknown>\n#12 0x55d2d0673103 <unknown>\n#13 0x55d2d0646d85 <unknown>\n#14 0x55d2d06940a8 <unknown>\n#15 0x55d2d0694239 <unknown>\n#16 0x55d2d06af492 <unknown>\n#17 0x7f995bda8b43 <unknown>","time":{"start":1669160851625,"stop":1669160851625,"duration":0}},{"uid":"45e41ad852e4a157","reportUrl":"https://FireDucks05.github.io/Saucedemo_05/71//#testresult/45e41ad852e4a157","status":"broken","statusDetails":"selenium.common.exceptions.WebDriverException: Message: unknown error: Chrome failed to start: exited abnormally.\n  (unknown error: DevToolsActivePort file doesn't exist)\n  (The process started from chrome location /usr/bin/google-chrome is no longer running, so ChromeDriver is assuming that Chrome has crashed.)\nStacktrace:\n#0 0x556478557463 <unknown>\n#1 0x55647831b8d8 <unknown>\n#2 0x556478343b6a <unknown>\n#3 0x55647833ec05 <unknown>\n#4 0x556478382802 <unknown>\n#5 0x5564783822af <unknown>\n#6 0x55647837a443 <unknown>\n#7 0x55647834b3c5 <unknown>\n#8 0x55647834c531 <unknown>\n#9 0x5564785a9dce <unknown>\n#10 0x5564785ad192 <unknown>\n#11 0x55647858e93e <unknown>\n#12 0x5564785ae103 <unknown>\n#13 0x556478581d85 <unknown>\n#14 0x5564785cf0a8 <unknown>\n#15 0x5564785cf239 <unknown>\n#16 0x5564785ea492 <unknown>\n#17 0x7f86ccbeeb43 <unknown>","time":{"start":1669159941303,"stop":1669159941303,"duration":0}},{"uid":"75c333dc684a3b1b","reportUrl":"https://FireDucks05.github.io/Saucedemo_05/70//#testresult/75c333dc684a3b1b","status":"broken","statusDetails":"selenium.common.exceptions.WebDriverException: Message: unknown error: Chrome failed to start: exited abnormally.\n  (unknown error: DevToolsActivePort file doesn't exist)\n  (The process started from chrome location /usr/bin/google-chrome is no longer running, so ChromeDriver is assuming that Chrome has crashed.)\nStacktrace:\n#0 0x560a1e08f463 <unknown>\n#1 0x560a1de538d8 <unknown>\n#2 0x560a1de7bb6a <unknown>\n#3 0x560a1de76c05 <unknown>\n#4 0x560a1deba802 <unknown>\n#5 0x560a1deba2af <unknown>\n#6 0x560a1deb2443 <unknown>\n#7 0x560a1de833c5 <unknown>\n#8 0x560a1de84531 <unknown>\n#9 0x560a1e0e1dce <unknown>\n#10 0x560a1e0e5192 <unknown>\n#11 0x560a1e0c693e <unknown>\n#12 0x560a1e0e6103 <unknown>\n#13 0x560a1e0b9d85 <unknown>\n#14 0x560a1e1070a8 <unknown>\n#15 0x560a1e107239 <unknown>\n#16 0x560a1e122492 <unknown>\n#17 0x7fd80315fb43 <unknown>","time":{"start":1669159195289,"stop":1669159195289,"duration":0}},{"uid":"dffd9d4c9a348d11","reportUrl":"https://FireDucks05.github.io/Saucedemo_05/52//#testresult/dffd9d4c9a348d11","status":"broken","statusDetails":"selenium.common.exceptions.WebDriverException: Message: unknown error: Chrome failed to start: exited abnormally.\n  (unknown error: DevToolsActivePort file doesn't exist)\n  (The process started from chrome location /usr/bin/google-chrome is no longer running, so ChromeDriver is assuming that Chrome has crashed.)\nStacktrace:\n#0 0x55a617b27463 <unknown>\n#1 0x55a6178eb8d8 <unknown>\n#2 0x55a617913b6a <unknown>\n#3 0x55a61790ec05 <unknown>\n#4 0x55a617952802 <unknown>\n#5 0x55a6179522af <unknown>\n#6 0x55a61794a443 <unknown>\n#7 0x55a61791b3c5 <unknown>\n#8 0x55a61791c531 <unknown>\n#9 0x55a617b79dce <unknown>\n#10 0x55a617b7d192 <unknown>\n#11 0x55a617b5e93e <unknown>\n#12 0x55a617b7e103 <unknown>\n#13 0x55a617b51d85 <unknown>\n#14 0x55a617b9f0a8 <unknown>\n#15 0x55a617b9f239 <unknown>\n#16 0x55a617bba492 <unknown>\n#17 0x7f6ecb4f4b43 <unknown>","time":{"start":1669086995936,"stop":1669086995936,"duration":0}},{"uid":"819468ecffcb16b3","reportUrl":"https://FireDucks05.github.io/Saucedemo_05/51//#testresult/819468ecffcb16b3","status":"broken","statusDetails":"selenium.common.exceptions.WebDriverException: Message: unknown error: Chrome failed to start: exited abnormally.\n  (unknown error: DevToolsActivePort file doesn't exist)\n  (The process started from chrome location /usr/bin/google-chrome is no longer running, so ChromeDriver is assuming that Chrome has crashed.)\nStacktrace:\n#0 0x562d29043463 <unknown>\n#1 0x562d28e078d8 <unknown>\n#2 0x562d28e2fb6a <unknown>\n#3 0x562d28e2ac05 <unknown>\n#4 0x562d28e6e802 <unknown>\n#5 0x562d28e6e2af <unknown>\n#6 0x562d28e66443 <unknown>\n#7 0x562d28e373c5 <unknown>\n#8 0x562d28e38531 <unknown>\n#9 0x562d29095dce <unknown>\n#10 0x562d29099192 <unknown>\n#11 0x562d2907a93e <unknown>\n#12 0x562d2909a103 <unknown>\n#13 0x562d2906dd85 <unknown>\n#14 0x562d290bb0a8 <unknown>\n#15 0x562d290bb239 <unknown>\n#16 0x562d290d6492 <unknown>\n#17 0x7f516cab9b43 <unknown>","time":{"start":1669086357053,"stop":1669086357053,"duration":0}}]},"tags":[]},"source":"cebbb328959319ce.json","parameterValues":[]}